{"E:\\hapi\\assignment\\music-app\\src\\api.js": {"path":"E:\\hapi\\assignment\\music-app\\src\\api.js","statementMap":{"0":{"start":{"line":9,"column":0},"end":{"line":12,"column":3}},"1":{"start":{"line":10,"column":4},"end":{"line":10,"column":21}},"2":{"start":{"line":11,"column":4},"end":{"line":11,"column":20}},"3":{"start":{"line":15,"column":4},"end":{"line":15,"column":16}},"4":{"start":{"line":16,"column":23},"end":{"line":16,"column":49}},"5":{"start":{"line":17,"column":19},"end":{"line":20,"column":6}},"6":{"start":{"line":22,"column":4},"end":{"line":22,"column":51}},"7":{"start":{"line":24,"column":4},"end":{"line":35,"column":7}},"8":{"start":{"line":32,"column":12},"end":{"line":32,"column":48}},"9":{"start":{"line":33,"column":12},"end":{"line":33,"column":73}},"10":{"start":{"line":37,"column":4},"end":{"line":37,"column":35}},"11":{"start":{"line":39,"column":4},"end":{"line":39,"column":25}},"12":{"start":{"line":40,"column":4},"end":{"line":46,"column":7}},"13":{"start":{"line":44,"column":12},"end":{"line":44,"column":34}},"14":{"start":{"line":48,"column":4},"end":{"line":54,"column":5}},"15":{"start":{"line":49,"column":8},"end":{"line":49,"column":29}},"16":{"start":{"line":50,"column":8},"end":{"line":50,"column":96}},"17":{"start":{"line":51,"column":8},"end":{"line":51,"column":84}},"18":{"start":{"line":53,"column":8},"end":{"line":53,"column":29}},"19":{"start":{"line":56,"column":4},"end":{"line":56,"column":27}}},"fnMap":{"0":{"name":"(anonymous_0)","decl":{"start":{"line":9,"column":33},"end":{"line":9,"column":34}},"loc":{"start":{"line":9,"column":42},"end":{"line":12,"column":1}},"line":9},"1":{"name":"(anonymous_1)","decl":{"start":{"line":14,"column":15},"end":{"line":14,"column":16}},"loc":{"start":{"line":14,"column":27},"end":{"line":57,"column":1}},"line":14},"2":{"name":"(anonymous_2)","decl":{"start":{"line":31,"column":22},"end":{"line":31,"column":23}},"loc":{"start":{"line":31,"column":50},"end":{"line":34,"column":9}},"line":31},"3":{"name":"(anonymous_3)","decl":{"start":{"line":43,"column":17},"end":{"line":43,"column":18}},"loc":{"start":{"line":43,"column":33},"end":{"line":45,"column":9}},"line":43}},"branchMap":{"0":{"loc":{"start":{"line":48,"column":4},"end":{"line":54,"column":5}},"type":"if","locations":[{"start":{"line":48,"column":4},"end":{"line":54,"column":5}},{"start":{"line":48,"column":4},"end":{"line":54,"column":5}}],"line":48}},"s":{"0":7,"1":0,"2":0,"3":7,"4":7,"5":7,"6":7,"7":7,"8":0,"9":0,"10":7,"11":7,"12":7,"13":0,"14":7,"15":7,"16":1,"17":1,"18":0,"19":1},"f":{"0":0,"1":7,"2":0,"3":0},"b":{"0":[7,0]},"_coverageSchema":"43e27e138ebf9cfc5966b082cf9a028302ed4184","hash":"14342abc1d69fecb33aafe1f8b66e74f6fa01b96"}
,"E:\\hapi\\assignment\\music-app\\src\\config.js": {"path":"E:\\hapi\\assignment\\music-app\\src\\config.js","statementMap":{"0":{"start":{"line":5,"column":4},"end":{"line":9,"column":5}},"1":{"start":{"line":6,"column":8},"end":{"line":6,"column":49}},"2":{"start":{"line":8,"column":8},"end":{"line":8,"column":24}},"3":{"start":{"line":10,"column":4},"end":{"line":13,"column":5}},"4":{"start":{"line":11,"column":8},"end":{"line":11,"column":116}},"5":{"start":{"line":12,"column":8},"end":{"line":12,"column":24}},"6":{"start":{"line":14,"column":4},"end":{"line":14,"column":58}}},"fnMap":{"0":{"name":"configure","decl":{"start":{"line":4,"column":24},"end":{"line":4,"column":33}},"loc":{"start":{"line":4,"column":36},"end":{"line":15,"column":1}},"line":4}},"branchMap":{"0":{"loc":{"start":{"line":5,"column":4},"end":{"line":9,"column":5}},"type":"if","locations":[{"start":{"line":5,"column":4},"end":{"line":9,"column":5}},{"start":{"line":5,"column":4},"end":{"line":9,"column":5}}],"line":5},"1":{"loc":{"start":{"line":10,"column":4},"end":{"line":13,"column":5}},"type":"if","locations":[{"start":{"line":10,"column":4},"end":{"line":13,"column":5}},{"start":{"line":10,"column":4},"end":{"line":13,"column":5}}],"line":10}},"s":{"0":7,"1":7,"2":0,"3":7,"4":0,"5":0,"6":7},"f":{"0":7},"b":{"0":[7,0],"1":[0,7]},"_coverageSchema":"43e27e138ebf9cfc5966b082cf9a028302ed4184","hash":"4417584b5db564c20f7851d1e16494942d0375b6"}
,"E:\\hapi\\assignment\\music-app\\src\\auth\\user.validate.js": {"path":"E:\\hapi\\assignment\\music-app\\src\\auth\\user.validate.js","statementMap":{"0":{"start":{"line":3,"column":20},"end":{"line":3,"column":37}},"1":{"start":{"line":6,"column":4},"end":{"line":6,"column":26}},"2":{"start":{"line":7,"column":17},"end":{"line":7,"column":59}},"3":{"start":{"line":8,"column":4},"end":{"line":8,"column":28}},"4":{"start":{"line":9,"column":4},"end":{"line":11,"column":5}},"5":{"start":{"line":10,"column":8},"end":{"line":10,"column":49}},"6":{"start":{"line":13,"column":18},"end":{"line":13,"column":77}},"7":{"start":{"line":14,"column":4},"end":{"line":14,"column":67}}},"fnMap":{"0":{"name":"validate","decl":{"start":{"line":5,"column":22},"end":{"line":5,"column":30}},"loc":{"start":{"line":5,"column":55},"end":{"line":15,"column":1}},"line":5}},"branchMap":{"0":{"loc":{"start":{"line":9,"column":4},"end":{"line":11,"column":5}},"type":"if","locations":[{"start":{"line":9,"column":4},"end":{"line":11,"column":5}},{"start":{"line":9,"column":4},"end":{"line":11,"column":5}}],"line":9}},"s":{"0":7,"1":0,"2":0,"3":0,"4":0,"5":0,"6":0,"7":0},"f":{"0":0},"b":{"0":[0,0]},"_coverageSchema":"43e27e138ebf9cfc5966b082cf9a028302ed4184","hash":"6deaa127f297c528fc30b03b609e489e8a22a406"}
,"E:\\hapi\\assignment\\music-app\\src\\constant\\method.constant.js": {"path":"E:\\hapi\\assignment\\music-app\\src\\constant\\method.constant.js","statementMap":{"0":{"start":{"line":1,"column":19},"end":{"line":1,"column":24}},"1":{"start":{"line":2,"column":19},"end":{"line":2,"column":24}},"2":{"start":{"line":3,"column":20},"end":{"line":3,"column":26}},"3":{"start":{"line":4,"column":22},"end":{"line":4,"column":30}}},"fnMap":{},"branchMap":{},"s":{"0":7,"1":7,"2":7,"3":7},"f":{},"b":{},"_coverageSchema":"43e27e138ebf9cfc5966b082cf9a028302ed4184","hash":"71a7aba7f417dab5c6d24fd210f6d7936e33df29"}
,"E:\\hapi\\assignment\\music-app\\src\\constant\\path.constant.js": {"path":"E:\\hapi\\assignment\\music-app\\src\\constant\\path.constant.js","statementMap":{"0":{"start":{"line":1,"column":29},"end":{"line":1,"column":37}},"1":{"start":{"line":2,"column":30},"end":{"line":2,"column":39}},"2":{"start":{"line":3,"column":31},"end":{"line":3,"column":41}},"3":{"start":{"line":4,"column":29},"end":{"line":4,"column":37}},"4":{"start":{"line":5,"column":25},"end":{"line":5,"column":58}}},"fnMap":{},"branchMap":{},"s":{"0":7,"1":7,"2":7,"3":7,"4":7},"f":{},"b":{},"_coverageSchema":"43e27e138ebf9cfc5966b082cf9a028302ed4184","hash":"0b7cc2a30f439d7cd733209d90a2919637fb0c0f"}
,"E:\\hapi\\assignment\\music-app\\src\\database\\connection.js": {"path":"E:\\hapi\\assignment\\music-app\\src\\database\\connection.js","statementMap":{"0":{"start":{"line":5,"column":23},"end":{"line":15,"column":6}},"1":{"start":{"line":16,"column":4},"end":{"line":16,"column":22}}},"fnMap":{"0":{"name":"createDBConnection","decl":{"start":{"line":4,"column":15},"end":{"line":4,"column":33}},"loc":{"start":{"line":4,"column":36},"end":{"line":17,"column":1}},"line":4}},"branchMap":{},"s":{"0":7,"1":7},"f":{"0":7},"b":{},"_coverageSchema":"43e27e138ebf9cfc5966b082cf9a028302ed4184","hash":"0123c27dcca809b020e071248ddd77ca80786997"}
,"E:\\hapi\\assignment\\music-app\\src\\database\\entities.js": {"path":"E:\\hapi\\assignment\\music-app\\src\\database\\entities.js","statementMap":{},"fnMap":{},"branchMap":{},"s":{},"f":{},"b":{},"_coverageSchema":"43e27e138ebf9cfc5966b082cf9a028302ed4184","hash":"4fbca2fe40eb804fbead24e3129824dbd31cca9c"}
,"E:\\hapi\\assignment\\music-app\\src\\database\\schemas\\artist.schema.js": {"path":"E:\\hapi\\assignment\\music-app\\src\\database\\schemas\\artist.schema.js","statementMap":{"0":{"start":{"line":4,"column":28},"end":{"line":37,"column":2}}},"fnMap":{},"branchMap":{},"s":{"0":7},"f":{},"b":{},"_coverageSchema":"43e27e138ebf9cfc5966b082cf9a028302ed4184","hash":"e5aba7cbf046c6beb6739d456a3e445ae68c568b"}
,"E:\\hapi\\assignment\\music-app\\src\\database\\schemas\\genre.schema.js": {"path":"E:\\hapi\\assignment\\music-app\\src\\database\\schemas\\genre.schema.js","statementMap":{"0":{"start":{"line":3,"column":27},"end":{"line":30,"column":2}}},"fnMap":{},"branchMap":{},"s":{"0":7},"f":{},"b":{},"_coverageSchema":"43e27e138ebf9cfc5966b082cf9a028302ed4184","hash":"05a3ffce1db5ba3932b97973604ca146d939a14d"}
,"E:\\hapi\\assignment\\music-app\\src\\database\\schemas\\song.schema.js": {"path":"E:\\hapi\\assignment\\music-app\\src\\database\\schemas\\song.schema.js","statementMap":{"0":{"start":{"line":4,"column":26},"end":{"line":32,"column":2}}},"fnMap":{},"branchMap":{},"s":{"0":7},"f":{},"b":{},"_coverageSchema":"43e27e138ebf9cfc5966b082cf9a028302ed4184","hash":"f848d022382ca5ec5bbeed6608ef890e43f64c59"}
,"E:\\hapi\\assignment\\music-app\\src\\database\\schemas\\user.schema.js": {"path":"E:\\hapi\\assignment\\music-app\\src\\database\\schemas\\user.schema.js","statementMap":{"0":{"start":{"line":4,"column":26},"end":{"line":23,"column":2}}},"fnMap":{},"branchMap":{},"s":{"0":7},"f":{},"b":{},"_coverageSchema":"43e27e138ebf9cfc5966b082cf9a028302ed4184","hash":"9c526b564d8849c846199a877854b02ac1a1d0b1"}
,"E:\\hapi\\assignment\\music-app\\src\\models\\artist.model.js": {"path":"E:\\hapi\\assignment\\music-app\\src\\models\\artist.model.js","statementMap":{"0":{"start":{"line":3,"column":8},"end":{"line":3,"column":21}},"1":{"start":{"line":4,"column":8},"end":{"line":4,"column":25}},"2":{"start":{"line":5,"column":8},"end":{"line":5,"column":39}},"3":{"start":{"line":6,"column":8},"end":{"line":6,"column":27}}},"fnMap":{"0":{"name":"(anonymous_0)","decl":{"start":{"line":2,"column":4},"end":{"line":2,"column":5}},"loc":{"start":{"line":2,"column":46},"end":{"line":7,"column":5}},"line":2}},"branchMap":{},"s":{"0":7,"1":7,"2":7,"3":7},"f":{"0":7},"b":{},"_coverageSchema":"43e27e138ebf9cfc5966b082cf9a028302ed4184","hash":"5c3751b582a17cae15876c78b882754b0aaed5f6"}
,"E:\\hapi\\assignment\\music-app\\src\\models\\genre.model.js": {"path":"E:\\hapi\\assignment\\music-app\\src\\models\\genre.model.js","statementMap":{"0":{"start":{"line":3,"column":8},"end":{"line":3,"column":31}},"1":{"start":{"line":4,"column":8},"end":{"line":4,"column":35}}},"fnMap":{"0":{"name":"(anonymous_0)","decl":{"start":{"line":2,"column":4},"end":{"line":2,"column":5}},"loc":{"start":{"line":2,"column":36},"end":{"line":5,"column":5}},"line":2}},"branchMap":{},"s":{"0":15,"1":15},"f":{"0":15},"b":{},"_coverageSchema":"43e27e138ebf9cfc5966b082cf9a028302ed4184","hash":"0077f49e503d2dce35a16abd23a8f127a191bc49"}
,"E:\\hapi\\assignment\\music-app\\src\\models\\song.model.js": {"path":"E:\\hapi\\assignment\\music-app\\src\\models\\song.model.js","statementMap":{"0":{"start":{"line":3,"column":8},"end":{"line":3,"column":21}},"1":{"start":{"line":4,"column":8},"end":{"line":4,"column":27}},"2":{"start":{"line":5,"column":8},"end":{"line":5,"column":37}}},"fnMap":{"0":{"name":"(anonymous_0)","decl":{"start":{"line":2,"column":4},"end":{"line":2,"column":5}},"loc":{"start":{"line":2,"column":39},"end":{"line":6,"column":5}},"line":2}},"branchMap":{},"s":{"0":7,"1":7,"2":7},"f":{"0":7},"b":{},"_coverageSchema":"43e27e138ebf9cfc5966b082cf9a028302ed4184","hash":"85d65f5e92e8d889c2d9e9b6a459049ec293daac"}
,"E:\\hapi\\assignment\\music-app\\src\\models\\user.model.js": {"path":"E:\\hapi\\assignment\\music-app\\src\\models\\user.model.js","statementMap":{"0":{"start":{"line":3,"column":8},"end":{"line":3,"column":21}},"1":{"start":{"line":4,"column":8},"end":{"line":4,"column":33}},"2":{"start":{"line":5,"column":8},"end":{"line":5,"column":33}}},"fnMap":{"0":{"name":"(anonymous_0)","decl":{"start":{"line":2,"column":4},"end":{"line":2,"column":5}},"loc":{"start":{"line":2,"column":40},"end":{"line":6,"column":5}},"line":2}},"branchMap":{},"s":{"0":13,"1":13,"2":13},"f":{"0":13},"b":{},"_coverageSchema":"43e27e138ebf9cfc5966b082cf9a028302ed4184","hash":"6762779f4f5cfeafc2f6f8cc6c9343eacb170b06"}
,"E:\\hapi\\assignment\\music-app\\src\\routes\\artist.route.js": {"path":"E:\\hapi\\assignment\\music-app\\src\\routes\\artist.route.js","statementMap":{"0":{"start":{"line":6,"column":22},"end":{"line":6,"column":41}},"1":{"start":{"line":7,"column":15},"end":{"line":94,"column":1}},"2":{"start":{"line":13,"column":16},"end":{"line":13,"column":65}},"3":{"start":{"line":22,"column":16},"end":{"line":26,"column":17}},"4":{"start":{"line":23,"column":20},"end":{"line":23,"column":83}},"5":{"start":{"line":25,"column":20},"end":{"line":25,"column":55}},"6":{"start":{"line":35,"column":16},"end":{"line":39,"column":17}},"7":{"start":{"line":36,"column":20},"end":{"line":36,"column":94}},"8":{"start":{"line":38,"column":20},"end":{"line":38,"column":55}},"9":{"start":{"line":47,"column":25},"end":{"line":47,"column":43}},"10":{"start":{"line":48,"column":24},"end":{"line":48,"column":41}},"11":{"start":{"line":49,"column":12},"end":{"line":49,"column":32}},"12":{"start":{"line":50,"column":12},"end":{"line":55,"column":13}},"13":{"start":{"line":51,"column":16},"end":{"line":51,"column":85}},"14":{"start":{"line":52,"column":16},"end":{"line":52,"column":52}},"15":{"start":{"line":54,"column":16},"end":{"line":54,"column":47}},"16":{"start":{"line":70,"column":36},"end":{"line":70,"column":47}},"17":{"start":{"line":71,"column":16},"end":{"line":76,"column":17}},"18":{"start":{"line":72,"column":20},"end":{"line":72,"column":84}},"19":{"start":{"line":73,"column":20},"end":{"line":73,"column":63}},"20":{"start":{"line":75,"column":20},"end":{"line":75,"column":55}},"21":{"start":{"line":85,"column":16},"end":{"line":90,"column":17}},"22":{"start":{"line":86,"column":20},"end":{"line":86,"column":68}},"23":{"start":{"line":87,"column":20},"end":{"line":87,"column":84}},"24":{"start":{"line":89,"column":20},"end":{"line":89,"column":55}}},"fnMap":{"0":{"name":"(anonymous_0)","decl":{"start":{"line":12,"column":21},"end":{"line":12,"column":22}},"loc":{"start":{"line":12,"column":39},"end":{"line":14,"column":13}},"line":12},"1":{"name":"(anonymous_1)","decl":{"start":{"line":21,"column":21},"end":{"line":21,"column":22}},"loc":{"start":{"line":21,"column":39},"end":{"line":27,"column":13}},"line":21},"2":{"name":"(anonymous_2)","decl":{"start":{"line":34,"column":21},"end":{"line":34,"column":22}},"loc":{"start":{"line":34,"column":39},"end":{"line":40,"column":13}},"line":34},"3":{"name":"(anonymous_3)","decl":{"start":{"line":46,"column":17},"end":{"line":46,"column":18}},"loc":{"start":{"line":46,"column":35},"end":{"line":56,"column":9}},"line":46},"4":{"name":"(anonymous_4)","decl":{"start":{"line":69,"column":21},"end":{"line":69,"column":22}},"loc":{"start":{"line":69,"column":39},"end":{"line":77,"column":13}},"line":69},"5":{"name":"(anonymous_5)","decl":{"start":{"line":84,"column":21},"end":{"line":84,"column":22}},"loc":{"start":{"line":84,"column":39},"end":{"line":91,"column":13}},"line":84}},"branchMap":{},"s":{"0":7,"1":7,"2":0,"3":0,"4":0,"5":0,"6":0,"7":0,"8":0,"9":0,"10":0,"11":0,"12":0,"13":0,"14":0,"15":0,"16":0,"17":0,"18":0,"19":0,"20":0,"21":0,"22":0,"23":0,"24":0},"f":{"0":0,"1":0,"2":0,"3":0,"4":0,"5":0},"b":{},"_coverageSchema":"43e27e138ebf9cfc5966b082cf9a028302ed4184","hash":"369895723544a5d703ad9f1c5272236f1fe853a0"}
,"E:\\hapi\\assignment\\music-app\\src\\routes\\auth.route.js": {"path":"E:\\hapi\\assignment\\music-app\\src\\routes\\auth.route.js","statementMap":{"0":{"start":{"line":6,"column":18},"end":{"line":6,"column":35}},"1":{"start":{"line":8,"column":14},"end":{"line":58,"column":1}},"2":{"start":{"line":14,"column":41},"end":{"line":14,"column":56}},"3":{"start":{"line":15,"column":41},"end":{"line":15,"column":84}},"4":{"start":{"line":16,"column":12},"end":{"line":18,"column":13}},"5":{"start":{"line":17,"column":16},"end":{"line":17,"column":86}},"6":{"start":{"line":19,"column":12},"end":{"line":19,"column":48}},"7":{"start":{"line":20,"column":12},"end":{"line":20,"column":67}},"8":{"start":{"line":33,"column":12},"end":{"line":44,"column":44}},"9":{"start":{"line":54,"column":12},"end":{"line":54,"column":81}}},"fnMap":{"0":{"name":"(anonymous_0)","decl":{"start":{"line":12,"column":17},"end":{"line":12,"column":18}},"loc":{"start":{"line":12,"column":39},"end":{"line":21,"column":9}},"line":12},"1":{"name":"(anonymous_1)","decl":{"start":{"line":31,"column":17},"end":{"line":31,"column":18}},"loc":{"start":{"line":31,"column":39},"end":{"line":45,"column":9}},"line":31},"2":{"name":"(anonymous_2)","decl":{"start":{"line":53,"column":17},"end":{"line":53,"column":18}},"loc":{"start":{"line":53,"column":33},"end":{"line":55,"column":9}},"line":53}},"branchMap":{"0":{"loc":{"start":{"line":16,"column":12},"end":{"line":18,"column":13}},"type":"if","locations":[{"start":{"line":16,"column":12},"end":{"line":18,"column":13}},{"start":{"line":16,"column":12},"end":{"line":18,"column":13}}],"line":16}},"s":{"0":7,"1":7,"2":0,"3":0,"4":0,"5":0,"6":0,"7":0,"8":0,"9":0},"f":{"0":0,"1":0,"2":0},"b":{"0":[0,0]},"_coverageSchema":"43e27e138ebf9cfc5966b082cf9a028302ed4184","hash":"4ce8319089d852715cfa36e28c48017d2760bb6d"}
,"E:\\hapi\\assignment\\music-app\\src\\routes\\genre.route.js": {"path":"E:\\hapi\\assignment\\music-app\\src\\routes\\genre.route.js","statementMap":{"0":{"start":{"line":6,"column":21},"end":{"line":6,"column":39}},"1":{"start":{"line":8,"column":14},"end":{"line":71,"column":1}},"2":{"start":{"line":14,"column":16},"end":{"line":14,"column":69}},"3":{"start":{"line":23,"column":16},"end":{"line":27,"column":17}},"4":{"start":{"line":24,"column":20},"end":{"line":24,"column":82}},"5":{"start":{"line":26,"column":20},"end":{"line":26,"column":55}},"6":{"start":{"line":36,"column":28},"end":{"line":36,"column":39}},"7":{"start":{"line":37,"column":16},"end":{"line":37,"column":62}},"8":{"start":{"line":38,"column":16},"end":{"line":38,"column":51}},"9":{"start":{"line":47,"column":28},"end":{"line":47,"column":39}},"10":{"start":{"line":48,"column":16},"end":{"line":53,"column":17}},"11":{"start":{"line":49,"column":20},"end":{"line":49,"column":66}},"12":{"start":{"line":50,"column":20},"end":{"line":50,"column":55}},"13":{"start":{"line":52,"column":20},"end":{"line":52,"column":51}},"14":{"start":{"line":62,"column":16},"end":{"line":67,"column":17}},"15":{"start":{"line":63,"column":20},"end":{"line":63,"column":65}},"16":{"start":{"line":64,"column":20},"end":{"line":64,"column":75}},"17":{"start":{"line":66,"column":20},"end":{"line":66,"column":51}}},"fnMap":{"0":{"name":"(anonymous_0)","decl":{"start":{"line":13,"column":21},"end":{"line":13,"column":22}},"loc":{"start":{"line":13,"column":37},"end":{"line":15,"column":13}},"line":13},"1":{"name":"(anonymous_1)","decl":{"start":{"line":22,"column":21},"end":{"line":22,"column":22}},"loc":{"start":{"line":22,"column":39},"end":{"line":28,"column":13}},"line":22},"2":{"name":"(anonymous_2)","decl":{"start":{"line":35,"column":21},"end":{"line":35,"column":22}},"loc":{"start":{"line":35,"column":38},"end":{"line":39,"column":13}},"line":35},"3":{"name":"(anonymous_3)","decl":{"start":{"line":46,"column":21},"end":{"line":46,"column":22}},"loc":{"start":{"line":46,"column":37},"end":{"line":54,"column":13}},"line":46},"4":{"name":"(anonymous_4)","decl":{"start":{"line":61,"column":21},"end":{"line":61,"column":22}},"loc":{"start":{"line":61,"column":37},"end":{"line":68,"column":13}},"line":61}},"branchMap":{},"s":{"0":7,"1":7,"2":0,"3":0,"4":0,"5":0,"6":0,"7":0,"8":0,"9":0,"10":0,"11":0,"12":0,"13":0,"14":0,"15":0,"16":0,"17":0},"f":{"0":0,"1":0,"2":0,"3":0,"4":0},"b":{},"_coverageSchema":"43e27e138ebf9cfc5966b082cf9a028302ed4184","hash":"274effd0e1fd210342105061b69669a696162f22"}
,"E:\\hapi\\assignment\\music-app\\src\\routes\\index.js": {"path":"E:\\hapi\\assignment\\music-app\\src\\routes\\index.js","statementMap":{"0":{"start":{"line":6,"column":15},"end":{"line":6,"column":64}}},"fnMap":{},"branchMap":{},"s":{"0":7},"f":{},"b":{},"_coverageSchema":"43e27e138ebf9cfc5966b082cf9a028302ed4184","hash":"0e8a194f4ddd0ff19146e6e793e8d3fe655f46f3"}
,"E:\\hapi\\assignment\\music-app\\src\\routes\\song.routes.js": {"path":"E:\\hapi\\assignment\\music-app\\src\\routes\\song.routes.js","statementMap":{"0":{"start":{"line":6,"column":20},"end":{"line":6,"column":37}},"1":{"start":{"line":8,"column":13},"end":{"line":87,"column":1}},"2":{"start":{"line":14,"column":16},"end":{"line":14,"column":63}},"3":{"start":{"line":23,"column":16},"end":{"line":27,"column":17}},"4":{"start":{"line":24,"column":20},"end":{"line":24,"column":81}},"5":{"start":{"line":26,"column":20},"end":{"line":26,"column":55}},"6":{"start":{"line":36,"column":16},"end":{"line":40,"column":17}},"7":{"start":{"line":37,"column":20},"end":{"line":37,"column":92}},"8":{"start":{"line":39,"column":20},"end":{"line":39,"column":55}},"9":{"start":{"line":49,"column":27},"end":{"line":49,"column":38}},"10":{"start":{"line":50,"column":16},"end":{"line":55,"column":17}},"11":{"start":{"line":51,"column":20},"end":{"line":51,"column":62}},"12":{"start":{"line":52,"column":20},"end":{"line":52,"column":54}},"13":{"start":{"line":54,"column":20},"end":{"line":54,"column":51}},"14":{"start":{"line":64,"column":27},"end":{"line":64,"column":38}},"15":{"start":{"line":65,"column":16},"end":{"line":70,"column":17}},"16":{"start":{"line":66,"column":20},"end":{"line":66,"column":62}},"17":{"start":{"line":67,"column":20},"end":{"line":67,"column":54}},"18":{"start":{"line":69,"column":20},"end":{"line":69,"column":55}},"19":{"start":{"line":79,"column":16},"end":{"line":83,"column":17}},"20":{"start":{"line":80,"column":20},"end":{"line":80,"column":83}},"21":{"start":{"line":82,"column":20},"end":{"line":82,"column":55}}},"fnMap":{"0":{"name":"(anonymous_0)","decl":{"start":{"line":13,"column":21},"end":{"line":13,"column":22}},"loc":{"start":{"line":13,"column":37},"end":{"line":15,"column":13}},"line":13},"1":{"name":"(anonymous_1)","decl":{"start":{"line":22,"column":21},"end":{"line":22,"column":22}},"loc":{"start":{"line":22,"column":37},"end":{"line":28,"column":13}},"line":22},"2":{"name":"(anonymous_2)","decl":{"start":{"line":35,"column":21},"end":{"line":35,"column":22}},"loc":{"start":{"line":35,"column":37},"end":{"line":41,"column":13}},"line":35},"3":{"name":"(anonymous_3)","decl":{"start":{"line":48,"column":20},"end":{"line":48,"column":21}},"loc":{"start":{"line":48,"column":36},"end":{"line":56,"column":13}},"line":48},"4":{"name":"(anonymous_4)","decl":{"start":{"line":63,"column":20},"end":{"line":63,"column":21}},"loc":{"start":{"line":63,"column":36},"end":{"line":71,"column":13}},"line":63},"5":{"name":"(anonymous_5)","decl":{"start":{"line":78,"column":21},"end":{"line":78,"column":22}},"loc":{"start":{"line":78,"column":37},"end":{"line":84,"column":13}},"line":78}},"branchMap":{},"s":{"0":7,"1":7,"2":0,"3":0,"4":0,"5":0,"6":0,"7":0,"8":0,"9":0,"10":0,"11":0,"12":0,"13":0,"14":0,"15":0,"16":0,"17":0,"18":0,"19":0,"20":0,"21":0},"f":{"0":0,"1":0,"2":0,"3":0,"4":0,"5":0},"b":{},"_coverageSchema":"43e27e138ebf9cfc5966b082cf9a028302ed4184","hash":"1400253b38e11621ca4923a3b3ba557fbac478c3"}
,"E:\\hapi\\assignment\\music-app\\src\\routes\\user.route.js": {"path":"E:\\hapi\\assignment\\music-app\\src\\routes\\user.route.js","statementMap":{"0":{"start":{"line":5,"column":20},"end":{"line":5,"column":37}},"1":{"start":{"line":7,"column":13},"end":{"line":71,"column":1}},"2":{"start":{"line":14,"column":16},"end":{"line":14,"column":63}},"3":{"start":{"line":24,"column":16},"end":{"line":28,"column":17}},"4":{"start":{"line":25,"column":20},"end":{"line":25,"column":81}},"5":{"start":{"line":27,"column":20},"end":{"line":27,"column":51}},"6":{"start":{"line":38,"column":27},"end":{"line":38,"column":42}},"7":{"start":{"line":39,"column":16},"end":{"line":39,"column":34}},"8":{"start":{"line":40,"column":16},"end":{"line":45,"column":17}},"9":{"start":{"line":41,"column":20},"end":{"line":41,"column":58}},"10":{"start":{"line":42,"column":20},"end":{"line":42,"column":54}},"11":{"start":{"line":44,"column":20},"end":{"line":44,"column":53}},"12":{"start":{"line":62,"column":16},"end":{"line":67,"column":17}},"13":{"start":{"line":63,"column":20},"end":{"line":63,"column":64}},"14":{"start":{"line":64,"column":20},"end":{"line":64,"column":70}},"15":{"start":{"line":66,"column":20},"end":{"line":66,"column":52}}},"fnMap":{"0":{"name":"(anonymous_0)","decl":{"start":{"line":13,"column":21},"end":{"line":13,"column":22}},"loc":{"start":{"line":13,"column":39},"end":{"line":15,"column":13}},"line":13},"1":{"name":"(anonymous_1)","decl":{"start":{"line":23,"column":21},"end":{"line":23,"column":22}},"loc":{"start":{"line":23,"column":39},"end":{"line":29,"column":13}},"line":23},"2":{"name":"(anonymous_2)","decl":{"start":{"line":37,"column":21},"end":{"line":37,"column":22}},"loc":{"start":{"line":37,"column":49},"end":{"line":46,"column":13}},"line":37},"3":{"name":"(anonymous_3)","decl":{"start":{"line":61,"column":21},"end":{"line":61,"column":22}},"loc":{"start":{"line":61,"column":39},"end":{"line":68,"column":13}},"line":61}},"branchMap":{},"s":{"0":7,"1":7,"2":0,"3":0,"4":0,"5":0,"6":0,"7":0,"8":0,"9":0,"10":0,"11":0,"12":0,"13":0,"14":0,"15":0},"f":{"0":0,"1":0,"2":0,"3":0},"b":{},"_coverageSchema":"43e27e138ebf9cfc5966b082cf9a028302ed4184","hash":"e78e47468fb93d42002d6d49d35e7fe26baef5dc"}
,"E:\\hapi\\assignment\\music-app\\src\\services\\artist.service.js": {"path":"E:\\hapi\\assignment\\music-app\\src\\services\\artist.service.js","statementMap":{"0":{"start":{"line":6,"column":20},"end":{"line":6,"column":37}},"1":{"start":{"line":7,"column":19},"end":{"line":7,"column":37}},"2":{"start":{"line":12,"column":8},"end":{"line":12,"column":42}},"3":{"start":{"line":16,"column":8},"end":{"line":20,"column":9}},"4":{"start":{"line":17,"column":12},"end":{"line":17,"column":69}},"5":{"start":{"line":19,"column":12},"end":{"line":19,"column":66}},"6":{"start":{"line":21,"column":8},"end":{"line":21,"column":58}},"7":{"start":{"line":25,"column":8},"end":{"line":25,"column":47}},"8":{"start":{"line":26,"column":8},"end":{"line":26,"column":55}},"9":{"start":{"line":27,"column":8},"end":{"line":27,"column":22}},"10":{"start":{"line":31,"column":23},"end":{"line":31,"column":64}},"11":{"start":{"line":32,"column":8},"end":{"line":32,"column":77}},"12":{"start":{"line":32,"column":21},"end":{"line":32,"column":77}},"13":{"start":{"line":33,"column":8},"end":{"line":33,"column":22}},"14":{"start":{"line":36,"column":8},"end":{"line":39,"column":60}},"15":{"start":{"line":43,"column":8},"end":{"line":43,"column":52}},"16":{"start":{"line":47,"column":31},"end":{"line":47,"column":61}},"17":{"start":{"line":48,"column":8},"end":{"line":48,"column":68}},"18":{"start":{"line":49,"column":8},"end":{"line":49,"column":66}},"19":{"start":{"line":53,"column":23},"end":{"line":53,"column":46}},"20":{"start":{"line":54,"column":8},"end":{"line":54,"column":56}}},"fnMap":{"0":{"name":"(anonymous_0)","decl":{"start":{"line":11,"column":4},"end":{"line":11,"column":5}},"loc":{"start":{"line":11,"column":23},"end":{"line":13,"column":5}},"line":11},"1":{"name":"(anonymous_1)","decl":{"start":{"line":15,"column":4},"end":{"line":15,"column":5}},"loc":{"start":{"line":15,"column":28},"end":{"line":22,"column":5}},"line":15},"2":{"name":"(anonymous_2)","decl":{"start":{"line":24,"column":4},"end":{"line":24,"column":5}},"loc":{"start":{"line":24,"column":38},"end":{"line":28,"column":5}},"line":24},"3":{"name":"(anonymous_3)","decl":{"start":{"line":30,"column":4},"end":{"line":30,"column":5}},"loc":{"start":{"line":30,"column":23},"end":{"line":34,"column":5}},"line":30},"4":{"name":"(anonymous_4)","decl":{"start":{"line":35,"column":4},"end":{"line":35,"column":5}},"loc":{"start":{"line":35,"column":38},"end":{"line":40,"column":5}},"line":35},"5":{"name":"(anonymous_5)","decl":{"start":{"line":42,"column":4},"end":{"line":42,"column":5}},"loc":{"start":{"line":42,"column":20},"end":{"line":44,"column":5}},"line":42},"6":{"name":"(anonymous_6)","decl":{"start":{"line":46,"column":4},"end":{"line":46,"column":5}},"loc":{"start":{"line":46,"column":31},"end":{"line":50,"column":5}},"line":46},"7":{"name":"(anonymous_7)","decl":{"start":{"line":52,"column":4},"end":{"line":52,"column":5}},"loc":{"start":{"line":52,"column":27},"end":{"line":55,"column":5}},"line":52}},"branchMap":{"0":{"loc":{"start":{"line":32,"column":8},"end":{"line":32,"column":77}},"type":"if","locations":[{"start":{"line":32,"column":8},"end":{"line":32,"column":77}},{"start":{"line":32,"column":8},"end":{"line":32,"column":77}}],"line":32}},"s":{"0":7,"1":7,"2":28,"3":9,"4":9,"5":5,"6":4,"7":4,"8":0,"9":0,"10":2,"11":2,"12":2,"13":0,"14":0,"15":0,"16":1,"17":0,"18":0,"19":0,"20":0},"f":{"0":28,"1":9,"2":4,"3":2,"4":0,"5":0,"6":1,"7":0},"b":{"0":[2,0]},"_coverageSchema":"43e27e138ebf9cfc5966b082cf9a028302ed4184","hash":"1236fbdd31ac958f60e1d3769e57b217caf5f3e8"}
,"E:\\hapi\\assignment\\music-app\\src\\services\\file.service.js": {"path":"E:\\hapi\\assignment\\music-app\\src\\services\\file.service.js","statementMap":{"0":{"start":{"line":5,"column":21},"end":{"line":5,"column":63}},"1":{"start":{"line":6,"column":21},"end":{"line":6,"column":32}},"2":{"start":{"line":7,"column":8},"end":{"line":14,"column":11}},"3":{"start":{"line":8,"column":12},"end":{"line":13,"column":15}},"4":{"start":{"line":9,"column":16},"end":{"line":11,"column":17}},"5":{"start":{"line":10,"column":20},"end":{"line":10,"column":31}},"6":{"start":{"line":12,"column":16},"end":{"line":12,"column":45}}},"fnMap":{"0":{"name":"(anonymous_0)","decl":{"start":{"line":4,"column":4},"end":{"line":4,"column":5}},"loc":{"start":{"line":4,"column":37},"end":{"line":15,"column":5}},"line":4},"1":{"name":"(anonymous_1)","decl":{"start":{"line":7,"column":27},"end":{"line":7,"column":28}},"loc":{"start":{"line":7,"column":48},"end":{"line":14,"column":9}},"line":7},"2":{"name":"(anonymous_2)","decl":{"start":{"line":8,"column":37},"end":{"line":8,"column":38}},"loc":{"start":{"line":8,"column":44},"end":{"line":13,"column":13}},"line":8}},"branchMap":{"0":{"loc":{"start":{"line":9,"column":16},"end":{"line":11,"column":17}},"type":"if","locations":[{"start":{"line":9,"column":16},"end":{"line":11,"column":17}},{"start":{"line":9,"column":16},"end":{"line":11,"column":17}}],"line":9}},"s":{"0":0,"1":0,"2":0,"3":0,"4":0,"5":0,"6":0},"f":{"0":0,"1":0,"2":0},"b":{"0":[0,0]},"_coverageSchema":"43e27e138ebf9cfc5966b082cf9a028302ed4184","hash":"7fbadaa8ffeb61b3e7191fd4437701c93211a3b7"}
,"E:\\hapi\\assignment\\music-app\\src\\services\\genre.service.js": {"path":"E:\\hapi\\assignment\\music-app\\src\\services\\genre.service.js","statementMap":{"0":{"start":{"line":6,"column":8},"end":{"line":6,"column":41}},"1":{"start":{"line":10,"column":8},"end":{"line":10,"column":56}},"2":{"start":{"line":14,"column":8},"end":{"line":14,"column":51}},"3":{"start":{"line":18,"column":22},"end":{"line":18,"column":62}},"4":{"start":{"line":19,"column":8},"end":{"line":21,"column":9}},"5":{"start":{"line":20,"column":12},"end":{"line":20,"column":64}},"6":{"start":{"line":22,"column":8},"end":{"line":22,"column":21}},"7":{"start":{"line":26,"column":29},"end":{"line":26,"column":63}},"8":{"start":{"line":27,"column":8},"end":{"line":27,"column":64}},"9":{"start":{"line":28,"column":8},"end":{"line":28,"column":56}},"10":{"start":{"line":32,"column":22},"end":{"line":32,"column":45}},"11":{"start":{"line":33,"column":8},"end":{"line":33,"column":59}}},"fnMap":{"0":{"name":"(anonymous_0)","decl":{"start":{"line":5,"column":4},"end":{"line":5,"column":5}},"loc":{"start":{"line":5,"column":21},"end":{"line":7,"column":5}},"line":5},"1":{"name":"(anonymous_1)","decl":{"start":{"line":9,"column":4},"end":{"line":9,"column":5}},"loc":{"start":{"line":9,"column":28},"end":{"line":11,"column":5}},"line":9},"2":{"name":"(anonymous_2)","decl":{"start":{"line":13,"column":4},"end":{"line":13,"column":5}},"loc":{"start":{"line":13,"column":24},"end":{"line":15,"column":5}},"line":13},"3":{"name":"(anonymous_3)","decl":{"start":{"line":17,"column":4},"end":{"line":17,"column":5}},"loc":{"start":{"line":17,"column":22},"end":{"line":23,"column":5}},"line":17},"4":{"name":"(anonymous_4)","decl":{"start":{"line":25,"column":4},"end":{"line":25,"column":5}},"loc":{"start":{"line":25,"column":28},"end":{"line":29,"column":5}},"line":25},"5":{"name":"(anonymous_5)","decl":{"start":{"line":31,"column":4},"end":{"line":31,"column":5}},"loc":{"start":{"line":31,"column":24},"end":{"line":34,"column":5}},"line":31}},"branchMap":{"0":{"loc":{"start":{"line":19,"column":8},"end":{"line":21,"column":9}},"type":"if","locations":[{"start":{"line":19,"column":8},"end":{"line":21,"column":9}},{"start":{"line":19,"column":8},"end":{"line":21,"column":9}}],"line":19}},"s":{"0":104,"1":24,"2":1,"3":15,"4":15,"5":10,"6":5,"7":2,"8":0,"9":0,"10":2,"11":0},"f":{"0":104,"1":24,"2":1,"3":15,"4":2,"5":2},"b":{"0":[10,5]},"_coverageSchema":"43e27e138ebf9cfc5966b082cf9a028302ed4184","hash":"218bd0310b05e8d482555046601b745763f8ccdf"}
,"E:\\hapi\\assignment\\music-app\\src\\services\\index.js": {"path":"E:\\hapi\\assignment\\music-app\\src\\services\\index.js","statementMap":{},"fnMap":{},"branchMap":{},"s":{},"f":{},"b":{},"_coverageSchema":"43e27e138ebf9cfc5966b082cf9a028302ed4184","hash":"f1645451e4b1dbc873d565e1172ca08fbdd8ccb6"}
,"E:\\hapi\\assignment\\music-app\\src\\services\\song.service.js": {"path":"E:\\hapi\\assignment\\music-app\\src\\services\\song.service.js","statementMap":{"0":{"start":{"line":5,"column":20},"end":{"line":5,"column":39}},"1":{"start":{"line":9,"column":8},"end":{"line":9,"column":40}},"2":{"start":{"line":13,"column":23},"end":{"line":13,"column":64}},"3":{"start":{"line":14,"column":8},"end":{"line":14,"column":77}},"4":{"start":{"line":14,"column":21},"end":{"line":14,"column":77}},"5":{"start":{"line":15,"column":8},"end":{"line":15,"column":29}},"6":{"start":{"line":16,"column":8},"end":{"line":16,"column":54}},"7":{"start":{"line":20,"column":8},"end":{"line":20,"column":50}},"8":{"start":{"line":24,"column":21},"end":{"line":24,"column":60}},"9":{"start":{"line":25,"column":8},"end":{"line":25,"column":73}},"10":{"start":{"line":25,"column":19},"end":{"line":25,"column":73}},"11":{"start":{"line":26,"column":8},"end":{"line":26,"column":20}},"12":{"start":{"line":30,"column":21},"end":{"line":30,"column":44}},"13":{"start":{"line":31,"column":8},"end":{"line":31,"column":52}},"14":{"start":{"line":35,"column":29},"end":{"line":35,"column":57}},"15":{"start":{"line":36,"column":8},"end":{"line":36,"column":62}},"16":{"start":{"line":37,"column":8},"end":{"line":37,"column":62}},"17":{"start":{"line":41,"column":8},"end":{"line":44,"column":51}}},"fnMap":{"0":{"name":"(anonymous_0)","decl":{"start":{"line":8,"column":4},"end":{"line":8,"column":5}},"loc":{"start":{"line":8,"column":21},"end":{"line":10,"column":5}},"line":8},"1":{"name":"(anonymous_1)","decl":{"start":{"line":12,"column":4},"end":{"line":12,"column":5}},"loc":{"start":{"line":12,"column":27},"end":{"line":17,"column":5}},"line":12},"2":{"name":"(anonymous_2)","decl":{"start":{"line":19,"column":4},"end":{"line":19,"column":5}},"loc":{"start":{"line":19,"column":20},"end":{"line":21,"column":5}},"line":19},"3":{"name":"(anonymous_3)","decl":{"start":{"line":23,"column":4},"end":{"line":23,"column":5}},"loc":{"start":{"line":23,"column":23},"end":{"line":27,"column":5}},"line":23},"4":{"name":"(anonymous_4)","decl":{"start":{"line":29,"column":4},"end":{"line":29,"column":5}},"loc":{"start":{"line":29,"column":25},"end":{"line":32,"column":5}},"line":29},"5":{"name":"(anonymous_5)","decl":{"start":{"line":34,"column":4},"end":{"line":34,"column":5}},"loc":{"start":{"line":34,"column":26},"end":{"line":38,"column":5}},"line":34},"6":{"name":"(anonymous_6)","decl":{"start":{"line":40,"column":4},"end":{"line":40,"column":5}},"loc":{"start":{"line":40,"column":34},"end":{"line":45,"column":5}},"line":40}},"branchMap":{"0":{"loc":{"start":{"line":14,"column":8},"end":{"line":14,"column":77}},"type":"if","locations":[{"start":{"line":14,"column":8},"end":{"line":14,"column":77}},{"start":{"line":14,"column":8},"end":{"line":14,"column":77}}],"line":14},"1":{"loc":{"start":{"line":25,"column":8},"end":{"line":25,"column":73}},"type":"if","locations":[{"start":{"line":25,"column":8},"end":{"line":25,"column":73}},{"start":{"line":25,"column":8},"end":{"line":25,"column":73}}],"line":25}},"s":{"0":7,"1":10,"2":0,"3":0,"4":0,"5":0,"6":0,"7":0,"8":0,"9":0,"10":0,"11":0,"12":0,"13":0,"14":0,"15":0,"16":0,"17":0},"f":{"0":10,"1":0,"2":0,"3":0,"4":0,"5":0,"6":0},"b":{"0":[0,0],"1":[0,0]},"_coverageSchema":"43e27e138ebf9cfc5966b082cf9a028302ed4184","hash":"3aea25ac5fa84084b3545ec47c51918c5dc624d7"}
,"E:\\hapi\\assignment\\music-app\\src\\services\\user.sevice.js": {"path":"E:\\hapi\\assignment\\music-app\\src\\services\\user.sevice.js","statementMap":{"0":{"start":{"line":7,"column":8},"end":{"line":7,"column":39}},"1":{"start":{"line":11,"column":8},"end":{"line":11,"column":50}},"2":{"start":{"line":15,"column":8},"end":{"line":15,"column":55}},"3":{"start":{"line":16,"column":8},"end":{"line":16,"column":54}},"4":{"start":{"line":20,"column":24},"end":{"line":20,"column":63}},"5":{"start":{"line":21,"column":8},"end":{"line":23,"column":9}},"6":{"start":{"line":22,"column":12},"end":{"line":22,"column":26}},"7":{"start":{"line":24,"column":8},"end":{"line":24,"column":62}},"8":{"start":{"line":28,"column":24},"end":{"line":28,"column":52}},"9":{"start":{"line":29,"column":8},"end":{"line":29,"column":51}},"10":{"start":{"line":30,"column":8},"end":{"line":30,"column":57}},"11":{"start":{"line":34,"column":21},"end":{"line":34,"column":44}},"12":{"start":{"line":35,"column":8},"end":{"line":35,"column":59}},"13":{"start":{"line":39,"column":8},"end":{"line":39,"column":73}},"14":{"start":{"line":43,"column":8},"end":{"line":43,"column":66}}},"fnMap":{"0":{"name":"(anonymous_0)","decl":{"start":{"line":6,"column":4},"end":{"line":6,"column":5}},"loc":{"start":{"line":6,"column":21},"end":{"line":8,"column":5}},"line":6},"1":{"name":"(anonymous_1)","decl":{"start":{"line":10,"column":4},"end":{"line":10,"column":5}},"loc":{"start":{"line":10,"column":20},"end":{"line":12,"column":5}},"line":10},"2":{"name":"(anonymous_2)","decl":{"start":{"line":14,"column":4},"end":{"line":14,"column":5}},"loc":{"start":{"line":14,"column":23},"end":{"line":17,"column":5}},"line":14},"3":{"name":"(anonymous_3)","decl":{"start":{"line":19,"column":4},"end":{"line":19,"column":5}},"loc":{"start":{"line":19,"column":23},"end":{"line":25,"column":5}},"line":19},"4":{"name":"(anonymous_4)","decl":{"start":{"line":27,"column":4},"end":{"line":27,"column":5}},"loc":{"start":{"line":27,"column":23},"end":{"line":31,"column":5}},"line":27},"5":{"name":"(anonymous_5)","decl":{"start":{"line":33,"column":4},"end":{"line":33,"column":5}},"loc":{"start":{"line":33,"column":25},"end":{"line":36,"column":5}},"line":33},"6":{"name":"(anonymous_6)","decl":{"start":{"line":38,"column":4},"end":{"line":38,"column":5}},"loc":{"start":{"line":38,"column":35},"end":{"line":40,"column":5}},"line":38},"7":{"name":"(anonymous_7)","decl":{"start":{"line":42,"column":4},"end":{"line":42,"column":5}},"loc":{"start":{"line":42,"column":53},"end":{"line":44,"column":5}},"line":42}},"branchMap":{"0":{"loc":{"start":{"line":21,"column":8},"end":{"line":23,"column":9}},"type":"if","locations":[{"start":{"line":21,"column":8},"end":{"line":23,"column":9}},{"start":{"line":21,"column":8},"end":{"line":23,"column":9}}],"line":21}},"s":{"0":68,"1":1,"2":14,"3":14,"4":6,"5":6,"6":3,"7":3,"8":2,"9":1,"10":1,"11":2,"12":1,"13":1,"14":2},"f":{"0":68,"1":1,"2":14,"3":6,"4":2,"5":2,"6":1,"7":2},"b":{"0":[3,3]},"_coverageSchema":"43e27e138ebf9cfc5966b082cf9a028302ed4184","hash":"fad98c48e72b27c2f9bf81f9d4f7599a628403c9"}
}
