{"E:\\hapi\\assignment\\music-app\\src\\api.js": {"path":"E:\\hapi\\assignment\\music-app\\src\\api.js","statementMap":{"0":{"start":{"line":8,"column":0},"end":{"line":11,"column":3}},"1":{"start":{"line":9,"column":4},"end":{"line":9,"column":21}},"2":{"start":{"line":10,"column":4},"end":{"line":10,"column":20}},"3":{"start":{"line":14,"column":4},"end":{"line":14,"column":16}},"4":{"start":{"line":15,"column":23},"end":{"line":15,"column":49}},"5":{"start":{"line":16,"column":19},"end":{"line":19,"column":6}},"6":{"start":{"line":23,"column":4},"end":{"line":23,"column":25}},"7":{"start":{"line":24,"column":4},"end":{"line":30,"column":7}},"8":{"start":{"line":28,"column":12},"end":{"line":28,"column":34}},"9":{"start":{"line":31,"column":4},"end":{"line":37,"column":5}},"10":{"start":{"line":32,"column":8},"end":{"line":32,"column":29}},"11":{"start":{"line":33,"column":8},"end":{"line":33,"column":96}},"12":{"start":{"line":34,"column":8},"end":{"line":34,"column":84}},"13":{"start":{"line":36,"column":8},"end":{"line":36,"column":29}},"14":{"start":{"line":39,"column":4},"end":{"line":39,"column":27}}},"fnMap":{"0":{"name":"(anonymous_0)","decl":{"start":{"line":8,"column":33},"end":{"line":8,"column":34}},"loc":{"start":{"line":8,"column":42},"end":{"line":11,"column":1}},"line":8},"1":{"name":"(anonymous_1)","decl":{"start":{"line":13,"column":15},"end":{"line":13,"column":16}},"loc":{"start":{"line":13,"column":27},"end":{"line":40,"column":1}},"line":13},"2":{"name":"(anonymous_2)","decl":{"start":{"line":27,"column":17},"end":{"line":27,"column":18}},"loc":{"start":{"line":27,"column":33},"end":{"line":29,"column":9}},"line":27}},"branchMap":{"0":{"loc":{"start":{"line":31,"column":4},"end":{"line":37,"column":5}},"type":"if","locations":[{"start":{"line":31,"column":4},"end":{"line":37,"column":5}},{"start":{"line":31,"column":4},"end":{"line":37,"column":5}}],"line":31}},"s":{"0":6,"1":0,"2":0,"3":6,"4":6,"5":6,"6":6,"7":6,"8":0,"9":6,"10":6,"11":2,"12":2,"13":0,"14":2},"f":{"0":0,"1":6,"2":0},"b":{"0":[6,0]},"_coverageSchema":"43e27e138ebf9cfc5966b082cf9a028302ed4184","hash":"b25c871cf0702bbbb6315414768b333054a58085"}
,"E:\\hapi\\assignment\\music-app\\src\\config.js": {"path":"E:\\hapi\\assignment\\music-app\\src\\config.js","statementMap":{"0":{"start":{"line":5,"column":4},"end":{"line":9,"column":5}},"1":{"start":{"line":6,"column":8},"end":{"line":6,"column":49}},"2":{"start":{"line":8,"column":8},"end":{"line":8,"column":24}},"3":{"start":{"line":10,"column":4},"end":{"line":13,"column":5}},"4":{"start":{"line":11,"column":8},"end":{"line":11,"column":116}},"5":{"start":{"line":12,"column":8},"end":{"line":12,"column":24}},"6":{"start":{"line":14,"column":4},"end":{"line":14,"column":58}}},"fnMap":{"0":{"name":"configure","decl":{"start":{"line":4,"column":24},"end":{"line":4,"column":33}},"loc":{"start":{"line":4,"column":36},"end":{"line":15,"column":1}},"line":4}},"branchMap":{"0":{"loc":{"start":{"line":5,"column":4},"end":{"line":9,"column":5}},"type":"if","locations":[{"start":{"line":5,"column":4},"end":{"line":9,"column":5}},{"start":{"line":5,"column":4},"end":{"line":9,"column":5}}],"line":5},"1":{"loc":{"start":{"line":10,"column":4},"end":{"line":13,"column":5}},"type":"if","locations":[{"start":{"line":10,"column":4},"end":{"line":13,"column":5}},{"start":{"line":10,"column":4},"end":{"line":13,"column":5}}],"line":10}},"s":{"0":6,"1":6,"2":0,"3":6,"4":0,"5":0,"6":6},"f":{"0":6},"b":{"0":[6,0],"1":[0,6]},"_coverageSchema":"43e27e138ebf9cfc5966b082cf9a028302ed4184","hash":"4417584b5db564c20f7851d1e16494942d0375b6"}
,"E:\\hapi\\assignment\\music-app\\src\\constant\\method.constant.js": {"path":"E:\\hapi\\assignment\\music-app\\src\\constant\\method.constant.js","statementMap":{"0":{"start":{"line":1,"column":19},"end":{"line":1,"column":24}},"1":{"start":{"line":2,"column":19},"end":{"line":2,"column":24}},"2":{"start":{"line":3,"column":20},"end":{"line":3,"column":26}},"3":{"start":{"line":4,"column":22},"end":{"line":4,"column":30}}},"fnMap":{},"branchMap":{},"s":{"0":6,"1":6,"2":6,"3":6},"f":{},"b":{},"_coverageSchema":"43e27e138ebf9cfc5966b082cf9a028302ed4184","hash":"71a7aba7f417dab5c6d24fd210f6d7936e33df29"}
,"E:\\hapi\\assignment\\music-app\\src\\constant\\path.constant.js": {"path":"E:\\hapi\\assignment\\music-app\\src\\constant\\path.constant.js","statementMap":{"0":{"start":{"line":1,"column":29},"end":{"line":1,"column":37}},"1":{"start":{"line":2,"column":30},"end":{"line":2,"column":39}},"2":{"start":{"line":3,"column":31},"end":{"line":3,"column":41}},"3":{"start":{"line":4,"column":29},"end":{"line":4,"column":37}},"4":{"start":{"line":5,"column":25},"end":{"line":5,"column":58}}},"fnMap":{},"branchMap":{},"s":{"0":6,"1":6,"2":6,"3":6,"4":6},"f":{},"b":{},"_coverageSchema":"43e27e138ebf9cfc5966b082cf9a028302ed4184","hash":"0b7cc2a30f439d7cd733209d90a2919637fb0c0f"}
,"E:\\hapi\\assignment\\music-app\\src\\database\\connection.js": {"path":"E:\\hapi\\assignment\\music-app\\src\\database\\connection.js","statementMap":{"0":{"start":{"line":5,"column":23},"end":{"line":15,"column":6}},"1":{"start":{"line":16,"column":4},"end":{"line":16,"column":22}}},"fnMap":{"0":{"name":"createDBConnection","decl":{"start":{"line":4,"column":15},"end":{"line":4,"column":33}},"loc":{"start":{"line":4,"column":36},"end":{"line":17,"column":1}},"line":4}},"branchMap":{},"s":{"0":6,"1":6},"f":{"0":6},"b":{},"_coverageSchema":"43e27e138ebf9cfc5966b082cf9a028302ed4184","hash":"0123c27dcca809b020e071248ddd77ca80786997"}
,"E:\\hapi\\assignment\\music-app\\src\\database\\entities.js": {"path":"E:\\hapi\\assignment\\music-app\\src\\database\\entities.js","statementMap":{},"fnMap":{},"branchMap":{},"s":{},"f":{},"b":{},"_coverageSchema":"43e27e138ebf9cfc5966b082cf9a028302ed4184","hash":"4fbca2fe40eb804fbead24e3129824dbd31cca9c"}
,"E:\\hapi\\assignment\\music-app\\src\\database\\schemas\\artist.schema.js": {"path":"E:\\hapi\\assignment\\music-app\\src\\database\\schemas\\artist.schema.js","statementMap":{"0":{"start":{"line":4,"column":28},"end":{"line":37,"column":2}}},"fnMap":{},"branchMap":{},"s":{"0":6},"f":{},"b":{},"_coverageSchema":"43e27e138ebf9cfc5966b082cf9a028302ed4184","hash":"e5aba7cbf046c6beb6739d456a3e445ae68c568b"}
,"E:\\hapi\\assignment\\music-app\\src\\database\\schemas\\genre.schema.js": {"path":"E:\\hapi\\assignment\\music-app\\src\\database\\schemas\\genre.schema.js","statementMap":{"0":{"start":{"line":3,"column":27},"end":{"line":30,"column":2}}},"fnMap":{},"branchMap":{},"s":{"0":6},"f":{},"b":{},"_coverageSchema":"43e27e138ebf9cfc5966b082cf9a028302ed4184","hash":"05a3ffce1db5ba3932b97973604ca146d939a14d"}
,"E:\\hapi\\assignment\\music-app\\src\\database\\schemas\\song.schema.js": {"path":"E:\\hapi\\assignment\\music-app\\src\\database\\schemas\\song.schema.js","statementMap":{"0":{"start":{"line":4,"column":26},"end":{"line":32,"column":2}}},"fnMap":{},"branchMap":{},"s":{"0":6},"f":{},"b":{},"_coverageSchema":"43e27e138ebf9cfc5966b082cf9a028302ed4184","hash":"f848d022382ca5ec5bbeed6608ef890e43f64c59"}
,"E:\\hapi\\assignment\\music-app\\src\\database\\schemas\\user.schema.js": {"path":"E:\\hapi\\assignment\\music-app\\src\\database\\schemas\\user.schema.js","statementMap":{"0":{"start":{"line":4,"column":26},"end":{"line":23,"column":2}}},"fnMap":{},"branchMap":{},"s":{"0":6},"f":{},"b":{},"_coverageSchema":"43e27e138ebf9cfc5966b082cf9a028302ed4184","hash":"9c526b564d8849c846199a877854b02ac1a1d0b1"}
,"E:\\hapi\\assignment\\music-app\\src\\models\\artist.model.js": {"path":"E:\\hapi\\assignment\\music-app\\src\\models\\artist.model.js","statementMap":{"0":{"start":{"line":3,"column":8},"end":{"line":3,"column":21}},"1":{"start":{"line":4,"column":8},"end":{"line":4,"column":25}},"2":{"start":{"line":5,"column":8},"end":{"line":5,"column":39}},"3":{"start":{"line":6,"column":8},"end":{"line":6,"column":27}}},"fnMap":{"0":{"name":"(anonymous_0)","decl":{"start":{"line":2,"column":4},"end":{"line":2,"column":5}},"loc":{"start":{"line":2,"column":46},"end":{"line":7,"column":5}},"line":2}},"branchMap":{},"s":{"0":6,"1":6,"2":6,"3":6},"f":{"0":6},"b":{},"_coverageSchema":"43e27e138ebf9cfc5966b082cf9a028302ed4184","hash":"5c3751b582a17cae15876c78b882754b0aaed5f6"}
,"E:\\hapi\\assignment\\music-app\\src\\models\\genre.model.js": {"path":"E:\\hapi\\assignment\\music-app\\src\\models\\genre.model.js","statementMap":{"0":{"start":{"line":3,"column":8},"end":{"line":3,"column":31}},"1":{"start":{"line":4,"column":8},"end":{"line":4,"column":35}}},"fnMap":{"0":{"name":"(anonymous_0)","decl":{"start":{"line":2,"column":4},"end":{"line":2,"column":5}},"loc":{"start":{"line":2,"column":36},"end":{"line":5,"column":5}},"line":2}},"branchMap":{},"s":{"0":19,"1":19},"f":{"0":19},"b":{},"_coverageSchema":"43e27e138ebf9cfc5966b082cf9a028302ed4184","hash":"0077f49e503d2dce35a16abd23a8f127a191bc49"}
,"E:\\hapi\\assignment\\music-app\\src\\models\\song.model.js": {"path":"E:\\hapi\\assignment\\music-app\\src\\models\\song.model.js","statementMap":{"0":{"start":{"line":3,"column":8},"end":{"line":3,"column":21}},"1":{"start":{"line":4,"column":8},"end":{"line":4,"column":27}},"2":{"start":{"line":5,"column":8},"end":{"line":5,"column":37}}},"fnMap":{"0":{"name":"(anonymous_0)","decl":{"start":{"line":2,"column":4},"end":{"line":2,"column":5}},"loc":{"start":{"line":2,"column":39},"end":{"line":6,"column":5}},"line":2}},"branchMap":{},"s":{"0":6,"1":6,"2":6},"f":{"0":6},"b":{},"_coverageSchema":"43e27e138ebf9cfc5966b082cf9a028302ed4184","hash":"85d65f5e92e8d889c2d9e9b6a459049ec293daac"}
,"E:\\hapi\\assignment\\music-app\\src\\models\\user.model.js": {"path":"E:\\hapi\\assignment\\music-app\\src\\models\\user.model.js","statementMap":{"0":{"start":{"line":3,"column":8},"end":{"line":3,"column":21}},"1":{"start":{"line":4,"column":8},"end":{"line":4,"column":33}},"2":{"start":{"line":5,"column":8},"end":{"line":5,"column":33}}},"fnMap":{"0":{"name":"(anonymous_0)","decl":{"start":{"line":2,"column":4},"end":{"line":2,"column":5}},"loc":{"start":{"line":2,"column":40},"end":{"line":6,"column":5}},"line":2}},"branchMap":{},"s":{"0":12,"1":12,"2":12},"f":{"0":12},"b":{},"_coverageSchema":"43e27e138ebf9cfc5966b082cf9a028302ed4184","hash":"6762779f4f5cfeafc2f6f8cc6c9343eacb170b06"}
,"E:\\hapi\\assignment\\music-app\\src\\routes\\artist.route.js": {"path":"E:\\hapi\\assignment\\music-app\\src\\routes\\artist.route.js","statementMap":{"0":{"start":{"line":6,"column":22},"end":{"line":6,"column":41}},"1":{"start":{"line":8,"column":15},"end":{"line":75,"column":1}},"2":{"start":{"line":14,"column":16},"end":{"line":14,"column":65}},"3":{"start":{"line":23,"column":16},"end":{"line":27,"column":17}},"4":{"start":{"line":24,"column":20},"end":{"line":24,"column":83}},"5":{"start":{"line":26,"column":20},"end":{"line":26,"column":55}},"6":{"start":{"line":36,"column":29},"end":{"line":36,"column":40}},"7":{"start":{"line":37,"column":16},"end":{"line":42,"column":17}},"8":{"start":{"line":38,"column":20},"end":{"line":38,"column":70}},"9":{"start":{"line":39,"column":20},"end":{"line":39,"column":56}},"10":{"start":{"line":41,"column":20},"end":{"line":41,"column":51}},"11":{"start":{"line":51,"column":36},"end":{"line":51,"column":47}},"12":{"start":{"line":52,"column":16},"end":{"line":57,"column":17}},"13":{"start":{"line":53,"column":20},"end":{"line":53,"column":84}},"14":{"start":{"line":54,"column":20},"end":{"line":54,"column":63}},"15":{"start":{"line":56,"column":20},"end":{"line":56,"column":55}},"16":{"start":{"line":66,"column":16},"end":{"line":71,"column":17}},"17":{"start":{"line":67,"column":20},"end":{"line":67,"column":68}},"18":{"start":{"line":68,"column":20},"end":{"line":68,"column":84}},"19":{"start":{"line":70,"column":20},"end":{"line":70,"column":55}}},"fnMap":{"0":{"name":"(anonymous_0)","decl":{"start":{"line":13,"column":21},"end":{"line":13,"column":22}},"loc":{"start":{"line":13,"column":39},"end":{"line":15,"column":13}},"line":13},"1":{"name":"(anonymous_1)","decl":{"start":{"line":22,"column":21},"end":{"line":22,"column":22}},"loc":{"start":{"line":22,"column":39},"end":{"line":28,"column":13}},"line":22},"2":{"name":"(anonymous_2)","decl":{"start":{"line":35,"column":21},"end":{"line":35,"column":22}},"loc":{"start":{"line":35,"column":39},"end":{"line":43,"column":13}},"line":35},"3":{"name":"(anonymous_3)","decl":{"start":{"line":50,"column":21},"end":{"line":50,"column":22}},"loc":{"start":{"line":50,"column":39},"end":{"line":58,"column":13}},"line":50},"4":{"name":"(anonymous_4)","decl":{"start":{"line":65,"column":21},"end":{"line":65,"column":22}},"loc":{"start":{"line":65,"column":39},"end":{"line":72,"column":13}},"line":65}},"branchMap":{},"s":{"0":6,"1":6,"2":0,"3":0,"4":0,"5":0,"6":0,"7":0,"8":0,"9":0,"10":0,"11":0,"12":0,"13":0,"14":0,"15":0,"16":0,"17":0,"18":0,"19":0},"f":{"0":0,"1":0,"2":0,"3":0,"4":0},"b":{},"_coverageSchema":"43e27e138ebf9cfc5966b082cf9a028302ed4184","hash":"1cd44017f1c24e58409dc6a73441f0e116481c06"}
,"E:\\hapi\\assignment\\music-app\\src\\routes\\genre.route.js": {"path":"E:\\hapi\\assignment\\music-app\\src\\routes\\genre.route.js","statementMap":{"0":{"start":{"line":6,"column":21},"end":{"line":6,"column":39}},"1":{"start":{"line":8,"column":14},"end":{"line":71,"column":1}},"2":{"start":{"line":14,"column":16},"end":{"line":14,"column":69}},"3":{"start":{"line":23,"column":16},"end":{"line":27,"column":17}},"4":{"start":{"line":24,"column":20},"end":{"line":24,"column":82}},"5":{"start":{"line":26,"column":20},"end":{"line":26,"column":55}},"6":{"start":{"line":36,"column":28},"end":{"line":36,"column":39}},"7":{"start":{"line":37,"column":16},"end":{"line":37,"column":62}},"8":{"start":{"line":38,"column":16},"end":{"line":38,"column":51}},"9":{"start":{"line":47,"column":28},"end":{"line":47,"column":39}},"10":{"start":{"line":48,"column":16},"end":{"line":53,"column":17}},"11":{"start":{"line":49,"column":20},"end":{"line":49,"column":66}},"12":{"start":{"line":50,"column":20},"end":{"line":50,"column":55}},"13":{"start":{"line":52,"column":20},"end":{"line":52,"column":51}},"14":{"start":{"line":62,"column":16},"end":{"line":67,"column":17}},"15":{"start":{"line":63,"column":20},"end":{"line":63,"column":65}},"16":{"start":{"line":64,"column":20},"end":{"line":64,"column":75}},"17":{"start":{"line":66,"column":20},"end":{"line":66,"column":51}}},"fnMap":{"0":{"name":"(anonymous_0)","decl":{"start":{"line":13,"column":21},"end":{"line":13,"column":22}},"loc":{"start":{"line":13,"column":37},"end":{"line":15,"column":13}},"line":13},"1":{"name":"(anonymous_1)","decl":{"start":{"line":22,"column":21},"end":{"line":22,"column":22}},"loc":{"start":{"line":22,"column":39},"end":{"line":28,"column":13}},"line":22},"2":{"name":"(anonymous_2)","decl":{"start":{"line":35,"column":21},"end":{"line":35,"column":22}},"loc":{"start":{"line":35,"column":38},"end":{"line":39,"column":13}},"line":35},"3":{"name":"(anonymous_3)","decl":{"start":{"line":46,"column":21},"end":{"line":46,"column":22}},"loc":{"start":{"line":46,"column":37},"end":{"line":54,"column":13}},"line":46},"4":{"name":"(anonymous_4)","decl":{"start":{"line":61,"column":21},"end":{"line":61,"column":22}},"loc":{"start":{"line":61,"column":37},"end":{"line":68,"column":13}},"line":61}},"branchMap":{},"s":{"0":6,"1":6,"2":2,"3":3,"4":3,"5":3,"6":3,"7":3,"8":3,"9":2,"10":2,"11":2,"12":0,"13":2,"14":2,"15":2,"16":1,"17":1},"f":{"0":2,"1":3,"2":3,"3":2,"4":2},"b":{},"_coverageSchema":"43e27e138ebf9cfc5966b082cf9a028302ed4184","hash":"274effd0e1fd210342105061b69669a696162f22"}
,"E:\\hapi\\assignment\\music-app\\src\\routes\\index.js": {"path":"E:\\hapi\\assignment\\music-app\\src\\routes\\index.js","statementMap":{"0":{"start":{"line":5,"column":15},"end":{"line":5,"column":45}}},"fnMap":{},"branchMap":{},"s":{"0":6},"f":{},"b":{},"_coverageSchema":"43e27e138ebf9cfc5966b082cf9a028302ed4184","hash":"a098956aa345a53091413435f0c576d268097e1e"}
,"E:\\hapi\\assignment\\music-app\\src\\routes\\user.route.js": {"path":"E:\\hapi\\assignment\\music-app\\src\\routes\\user.route.js","statementMap":{"0":{"start":{"line":5,"column":20},"end":{"line":5,"column":37}},"1":{"start":{"line":7,"column":13},"end":{"line":65,"column":1}},"2":{"start":{"line":14,"column":16},"end":{"line":14,"column":63}},"3":{"start":{"line":22,"column":12},"end":{"line":26,"column":13}},"4":{"start":{"line":23,"column":16},"end":{"line":23,"column":77}},"5":{"start":{"line":25,"column":16},"end":{"line":25,"column":47}},"6":{"start":{"line":35,"column":27},"end":{"line":35,"column":42}},"7":{"start":{"line":36,"column":16},"end":{"line":36,"column":34}},"8":{"start":{"line":37,"column":16},"end":{"line":42,"column":17}},"9":{"start":{"line":38,"column":20},"end":{"line":38,"column":58}},"10":{"start":{"line":39,"column":20},"end":{"line":39,"column":54}},"11":{"start":{"line":41,"column":20},"end":{"line":41,"column":53}},"12":{"start":{"line":57,"column":12},"end":{"line":62,"column":13}},"13":{"start":{"line":58,"column":16},"end":{"line":58,"column":60}},"14":{"start":{"line":59,"column":16},"end":{"line":59,"column":66}},"15":{"start":{"line":61,"column":16},"end":{"line":61,"column":48}}},"fnMap":{"0":{"name":"(anonymous_0)","decl":{"start":{"line":13,"column":21},"end":{"line":13,"column":22}},"loc":{"start":{"line":13,"column":39},"end":{"line":15,"column":13}},"line":13},"1":{"name":"(anonymous_1)","decl":{"start":{"line":21,"column":17},"end":{"line":21,"column":18}},"loc":{"start":{"line":21,"column":35},"end":{"line":27,"column":9}},"line":21},"2":{"name":"(anonymous_2)","decl":{"start":{"line":34,"column":21},"end":{"line":34,"column":22}},"loc":{"start":{"line":34,"column":49},"end":{"line":43,"column":13}},"line":34},"3":{"name":"(anonymous_3)","decl":{"start":{"line":56,"column":17},"end":{"line":56,"column":18}},"loc":{"start":{"line":56,"column":35},"end":{"line":63,"column":9}},"line":56}},"branchMap":{},"s":{"0":6,"1":6,"2":0,"3":0,"4":0,"5":0,"6":0,"7":0,"8":0,"9":0,"10":0,"11":0,"12":0,"13":0,"14":0,"15":0},"f":{"0":0,"1":0,"2":0,"3":0},"b":{},"_coverageSchema":"43e27e138ebf9cfc5966b082cf9a028302ed4184","hash":"3fe53a6361ec43f02f0c08717fc69d0b016ae205"}
,"E:\\hapi\\assignment\\music-app\\src\\services\\artist.service.js": {"path":"E:\\hapi\\assignment\\music-app\\src\\services\\artist.service.js","statementMap":{"0":{"start":{"line":5,"column":19},"end":{"line":5,"column":37}},"1":{"start":{"line":8,"column":8},"end":{"line":8,"column":42}},"2":{"start":{"line":12,"column":8},"end":{"line":17,"column":9}},"3":{"start":{"line":13,"column":12},"end":{"line":13,"column":69}},"4":{"start":{"line":14,"column":12},"end":{"line":14,"column":38}},"5":{"start":{"line":16,"column":12},"end":{"line":16,"column":64}},"6":{"start":{"line":18,"column":8},"end":{"line":18,"column":58}},"7":{"start":{"line":22,"column":23},"end":{"line":22,"column":64}},"8":{"start":{"line":23,"column":8},"end":{"line":23,"column":73}},"9":{"start":{"line":23,"column":20},"end":{"line":23,"column":73}},"10":{"start":{"line":24,"column":8},"end":{"line":24,"column":22}},"11":{"start":{"line":28,"column":8},"end":{"line":28,"column":52}},"12":{"start":{"line":32,"column":31},"end":{"line":32,"column":61}},"13":{"start":{"line":33,"column":8},"end":{"line":33,"column":68}},"14":{"start":{"line":34,"column":8},"end":{"line":34,"column":66}},"15":{"start":{"line":38,"column":23},"end":{"line":38,"column":46}},"16":{"start":{"line":39,"column":8},"end":{"line":39,"column":56}}},"fnMap":{"0":{"name":"(anonymous_0)","decl":{"start":{"line":7,"column":4},"end":{"line":7,"column":5}},"loc":{"start":{"line":7,"column":22},"end":{"line":9,"column":5}},"line":7},"1":{"name":"(anonymous_1)","decl":{"start":{"line":11,"column":4},"end":{"line":11,"column":5}},"loc":{"start":{"line":11,"column":30},"end":{"line":19,"column":5}},"line":11},"2":{"name":"(anonymous_2)","decl":{"start":{"line":21,"column":4},"end":{"line":21,"column":5}},"loc":{"start":{"line":21,"column":22},"end":{"line":25,"column":5}},"line":21},"3":{"name":"(anonymous_3)","decl":{"start":{"line":27,"column":4},"end":{"line":27,"column":5}},"loc":{"start":{"line":27,"column":19},"end":{"line":29,"column":5}},"line":27},"4":{"name":"(anonymous_4)","decl":{"start":{"line":31,"column":4},"end":{"line":31,"column":5}},"loc":{"start":{"line":31,"column":30},"end":{"line":35,"column":5}},"line":31},"5":{"name":"(anonymous_5)","decl":{"start":{"line":37,"column":4},"end":{"line":37,"column":5}},"loc":{"start":{"line":37,"column":26},"end":{"line":40,"column":5}},"line":37}},"branchMap":{"0":{"loc":{"start":{"line":23,"column":8},"end":{"line":23,"column":73}},"type":"if","locations":[{"start":{"line":23,"column":8},"end":{"line":23,"column":73}},{"start":{"line":23,"column":8},"end":{"line":23,"column":73}}],"line":23}},"s":{"0":6,"1":27,"2":9,"3":9,"4":5,"5":4,"6":5,"7":0,"8":0,"9":0,"10":0,"11":0,"12":0,"13":0,"14":0,"15":0,"16":0},"f":{"0":27,"1":9,"2":0,"3":0,"4":0,"5":0},"b":{"0":[0,0]},"_coverageSchema":"43e27e138ebf9cfc5966b082cf9a028302ed4184","hash":"6bd0b7fec2e96ce8a850c93e0b0408031c41dd60"}
,"E:\\hapi\\assignment\\music-app\\src\\services\\genre.service.js": {"path":"E:\\hapi\\assignment\\music-app\\src\\services\\genre.service.js","statementMap":{"0":{"start":{"line":6,"column":8},"end":{"line":6,"column":41}},"1":{"start":{"line":10,"column":8},"end":{"line":10,"column":56}},"2":{"start":{"line":14,"column":8},"end":{"line":14,"column":51}},"3":{"start":{"line":18,"column":22},"end":{"line":18,"column":62}},"4":{"start":{"line":19,"column":8},"end":{"line":21,"column":9}},"5":{"start":{"line":20,"column":12},"end":{"line":20,"column":64}},"6":{"start":{"line":22,"column":8},"end":{"line":22,"column":21}},"7":{"start":{"line":26,"column":29},"end":{"line":26,"column":63}},"8":{"start":{"line":27,"column":8},"end":{"line":27,"column":64}},"9":{"start":{"line":28,"column":8},"end":{"line":28,"column":56}},"10":{"start":{"line":32,"column":22},"end":{"line":32,"column":45}},"11":{"start":{"line":33,"column":8},"end":{"line":33,"column":59}}},"fnMap":{"0":{"name":"(anonymous_0)","decl":{"start":{"line":5,"column":4},"end":{"line":5,"column":5}},"loc":{"start":{"line":5,"column":21},"end":{"line":7,"column":5}},"line":5},"1":{"name":"(anonymous_1)","decl":{"start":{"line":9,"column":4},"end":{"line":9,"column":5}},"loc":{"start":{"line":9,"column":28},"end":{"line":11,"column":5}},"line":9},"2":{"name":"(anonymous_2)","decl":{"start":{"line":13,"column":4},"end":{"line":13,"column":5}},"loc":{"start":{"line":13,"column":24},"end":{"line":15,"column":5}},"line":13},"3":{"name":"(anonymous_3)","decl":{"start":{"line":17,"column":4},"end":{"line":17,"column":5}},"loc":{"start":{"line":17,"column":22},"end":{"line":23,"column":5}},"line":17},"4":{"name":"(anonymous_4)","decl":{"start":{"line":25,"column":4},"end":{"line":25,"column":5}},"loc":{"start":{"line":25,"column":28},"end":{"line":29,"column":5}},"line":25},"5":{"name":"(anonymous_5)","decl":{"start":{"line":31,"column":4},"end":{"line":31,"column":5}},"loc":{"start":{"line":31,"column":24},"end":{"line":34,"column":5}},"line":31}},"branchMap":{"0":{"loc":{"start":{"line":19,"column":8},"end":{"line":21,"column":9}},"type":"if","locations":[{"start":{"line":19,"column":8},"end":{"line":21,"column":9}},{"start":{"line":19,"column":8},"end":{"line":21,"column":9}}],"line":19}},"s":{"0":122,"1":27,"2":4,"3":22,"4":22,"5":13,"6":9,"7":4,"8":1,"9":1,"10":4,"11":2},"f":{"0":122,"1":27,"2":4,"3":22,"4":4,"5":4},"b":{"0":[13,9]},"_coverageSchema":"43e27e138ebf9cfc5966b082cf9a028302ed4184","hash":"218bd0310b05e8d482555046601b745763f8ccdf"}
,"E:\\hapi\\assignment\\music-app\\src\\services\\index.js": {"path":"E:\\hapi\\assignment\\music-app\\src\\services\\index.js","statementMap":{},"fnMap":{},"branchMap":{},"s":{},"f":{},"b":{},"_coverageSchema":"43e27e138ebf9cfc5966b082cf9a028302ed4184","hash":"f1645451e4b1dbc873d565e1172ca08fbdd8ccb6"}
,"E:\\hapi\\assignment\\music-app\\src\\services\\song.service.js": {"path":"E:\\hapi\\assignment\\music-app\\src\\services\\song.service.js","statementMap":{"0":{"start":{"line":5,"column":20},"end":{"line":5,"column":39}},"1":{"start":{"line":9,"column":8},"end":{"line":9,"column":40}},"2":{"start":{"line":13,"column":23},"end":{"line":13,"column":64}},"3":{"start":{"line":14,"column":8},"end":{"line":14,"column":77}},"4":{"start":{"line":14,"column":21},"end":{"line":14,"column":77}},"5":{"start":{"line":15,"column":8},"end":{"line":15,"column":29}},"6":{"start":{"line":16,"column":8},"end":{"line":16,"column":54}},"7":{"start":{"line":20,"column":8},"end":{"line":20,"column":50}},"8":{"start":{"line":24,"column":21},"end":{"line":24,"column":60}},"9":{"start":{"line":25,"column":8},"end":{"line":25,"column":73}},"10":{"start":{"line":25,"column":19},"end":{"line":25,"column":73}},"11":{"start":{"line":26,"column":8},"end":{"line":26,"column":20}},"12":{"start":{"line":30,"column":21},"end":{"line":30,"column":44}},"13":{"start":{"line":31,"column":8},"end":{"line":31,"column":52}},"14":{"start":{"line":35,"column":29},"end":{"line":35,"column":57}},"15":{"start":{"line":36,"column":8},"end":{"line":36,"column":62}},"16":{"start":{"line":37,"column":8},"end":{"line":37,"column":62}}},"fnMap":{"0":{"name":"(anonymous_0)","decl":{"start":{"line":8,"column":4},"end":{"line":8,"column":5}},"loc":{"start":{"line":8,"column":21},"end":{"line":10,"column":5}},"line":8},"1":{"name":"(anonymous_1)","decl":{"start":{"line":12,"column":4},"end":{"line":12,"column":5}},"loc":{"start":{"line":12,"column":27},"end":{"line":17,"column":5}},"line":12},"2":{"name":"(anonymous_2)","decl":{"start":{"line":19,"column":4},"end":{"line":19,"column":5}},"loc":{"start":{"line":19,"column":20},"end":{"line":21,"column":5}},"line":19},"3":{"name":"(anonymous_3)","decl":{"start":{"line":23,"column":4},"end":{"line":23,"column":5}},"loc":{"start":{"line":23,"column":23},"end":{"line":27,"column":5}},"line":23},"4":{"name":"(anonymous_4)","decl":{"start":{"line":29,"column":4},"end":{"line":29,"column":5}},"loc":{"start":{"line":29,"column":25},"end":{"line":32,"column":5}},"line":29},"5":{"name":"(anonymous_5)","decl":{"start":{"line":34,"column":4},"end":{"line":34,"column":5}},"loc":{"start":{"line":34,"column":26},"end":{"line":38,"column":5}},"line":34}},"branchMap":{"0":{"loc":{"start":{"line":14,"column":8},"end":{"line":14,"column":77}},"type":"if","locations":[{"start":{"line":14,"column":8},"end":{"line":14,"column":77}},{"start":{"line":14,"column":8},"end":{"line":14,"column":77}}],"line":14},"1":{"loc":{"start":{"line":25,"column":8},"end":{"line":25,"column":73}},"type":"if","locations":[{"start":{"line":25,"column":8},"end":{"line":25,"column":73}},{"start":{"line":25,"column":8},"end":{"line":25,"column":73}}],"line":25}},"s":{"0":6,"1":0,"2":0,"3":0,"4":0,"5":0,"6":0,"7":0,"8":0,"9":0,"10":0,"11":0,"12":0,"13":0,"14":0,"15":0,"16":0},"f":{"0":0,"1":0,"2":0,"3":0,"4":0,"5":0},"b":{"0":[0,0],"1":[0,0]},"_coverageSchema":"43e27e138ebf9cfc5966b082cf9a028302ed4184","hash":"88f40ab9ae2d0d8683da967f15bd7ae20377aa0c"}
,"E:\\hapi\\assignment\\music-app\\src\\services\\user.sevice.js": {"path":"E:\\hapi\\assignment\\music-app\\src\\services\\user.sevice.js","statementMap":{"0":{"start":{"line":7,"column":8},"end":{"line":7,"column":39}},"1":{"start":{"line":11,"column":8},"end":{"line":11,"column":50}},"2":{"start":{"line":15,"column":8},"end":{"line":15,"column":55}},"3":{"start":{"line":16,"column":8},"end":{"line":16,"column":54}},"4":{"start":{"line":20,"column":24},"end":{"line":20,"column":63}},"5":{"start":{"line":21,"column":8},"end":{"line":23,"column":9}},"6":{"start":{"line":22,"column":12},"end":{"line":22,"column":26}},"7":{"start":{"line":24,"column":8},"end":{"line":24,"column":62}},"8":{"start":{"line":28,"column":24},"end":{"line":28,"column":52}},"9":{"start":{"line":29,"column":8},"end":{"line":29,"column":51}},"10":{"start":{"line":30,"column":8},"end":{"line":30,"column":57}},"11":{"start":{"line":34,"column":21},"end":{"line":34,"column":44}},"12":{"start":{"line":35,"column":8},"end":{"line":35,"column":59}},"13":{"start":{"line":39,"column":8},"end":{"line":39,"column":73}},"14":{"start":{"line":43,"column":8},"end":{"line":43,"column":66}}},"fnMap":{"0":{"name":"(anonymous_0)","decl":{"start":{"line":6,"column":4},"end":{"line":6,"column":5}},"loc":{"start":{"line":6,"column":21},"end":{"line":8,"column":5}},"line":6},"1":{"name":"(anonymous_1)","decl":{"start":{"line":10,"column":4},"end":{"line":10,"column":5}},"loc":{"start":{"line":10,"column":20},"end":{"line":12,"column":5}},"line":10},"2":{"name":"(anonymous_2)","decl":{"start":{"line":14,"column":4},"end":{"line":14,"column":5}},"loc":{"start":{"line":14,"column":23},"end":{"line":17,"column":5}},"line":14},"3":{"name":"(anonymous_3)","decl":{"start":{"line":19,"column":4},"end":{"line":19,"column":5}},"loc":{"start":{"line":19,"column":23},"end":{"line":25,"column":5}},"line":19},"4":{"name":"(anonymous_4)","decl":{"start":{"line":27,"column":4},"end":{"line":27,"column":5}},"loc":{"start":{"line":27,"column":23},"end":{"line":31,"column":5}},"line":27},"5":{"name":"(anonymous_5)","decl":{"start":{"line":33,"column":4},"end":{"line":33,"column":5}},"loc":{"start":{"line":33,"column":25},"end":{"line":36,"column":5}},"line":33},"6":{"name":"(anonymous_6)","decl":{"start":{"line":38,"column":4},"end":{"line":38,"column":5}},"loc":{"start":{"line":38,"column":35},"end":{"line":40,"column":5}},"line":38},"7":{"name":"(anonymous_7)","decl":{"start":{"line":42,"column":4},"end":{"line":42,"column":5}},"loc":{"start":{"line":42,"column":53},"end":{"line":44,"column":5}},"line":42}},"branchMap":{"0":{"loc":{"start":{"line":21,"column":8},"end":{"line":23,"column":9}},"type":"if","locations":[{"start":{"line":21,"column":8},"end":{"line":23,"column":9}},{"start":{"line":21,"column":8},"end":{"line":23,"column":9}}],"line":21}},"s":{"0":68,"1":1,"2":14,"3":14,"4":6,"5":6,"6":3,"7":3,"8":2,"9":1,"10":1,"11":2,"12":1,"13":1,"14":2},"f":{"0":68,"1":1,"2":14,"3":6,"4":2,"5":2,"6":1,"7":2},"b":{"0":[3,3]},"_coverageSchema":"43e27e138ebf9cfc5966b082cf9a028302ed4184","hash":"fad98c48e72b27c2f9bf81f9d4f7599a628403c9"}
}
