TN:
SF:E:\hapi\assignment\music-app\src\api.js
FN:8,(anonymous_0)
FN:13,(anonymous_1)
FN:27,(anonymous_2)
FNF:3
FNH:1
FNDA:0,(anonymous_0)
FNDA:6,(anonymous_1)
FNDA:0,(anonymous_2)
DA:8,6
DA:9,0
DA:10,0
DA:14,6
DA:15,6
DA:16,6
DA:23,6
DA:24,6
DA:28,0
DA:31,6
DA:32,6
DA:33,2
DA:34,2
DA:36,0
DA:39,2
LF:15
LH:11
BRDA:31,0,0,6
BRDA:31,0,1,0
BRF:2
BRH:1
end_of_record
TN:
SF:E:\hapi\assignment\music-app\src\config.js
FN:4,configure
FNF:1
FNH:1
FNDA:6,configure
DA:5,6
DA:6,6
DA:8,0
DA:10,6
DA:11,0
DA:12,0
DA:14,6
LF:7
LH:4
BRDA:5,0,0,6
BRDA:5,0,1,0
BRDA:10,1,0,0
BRDA:10,1,1,6
BRF:4
BRH:2
end_of_record
TN:
SF:E:\hapi\assignment\music-app\src\constant\method.constant.js
FNF:0
FNH:0
DA:1,6
DA:2,6
DA:3,6
DA:4,6
LF:4
LH:4
BRF:0
BRH:0
end_of_record
TN:
SF:E:\hapi\assignment\music-app\src\constant\path.constant.js
FNF:0
FNH:0
DA:1,6
DA:2,6
DA:3,6
DA:4,6
DA:5,6
LF:5
LH:5
BRF:0
BRH:0
end_of_record
TN:
SF:E:\hapi\assignment\music-app\src\database\connection.js
FN:4,createDBConnection
FNF:1
FNH:1
FNDA:6,createDBConnection
DA:5,6
DA:16,6
LF:2
LH:2
BRF:0
BRH:0
end_of_record
TN:
SF:E:\hapi\assignment\music-app\src\database\entities.js
FNF:0
FNH:0
LF:0
LH:0
BRF:0
BRH:0
end_of_record
TN:
SF:E:\hapi\assignment\music-app\src\database\schemas\artist.schema.js
FNF:0
FNH:0
DA:4,6
LF:1
LH:1
BRF:0
BRH:0
end_of_record
TN:
SF:E:\hapi\assignment\music-app\src\database\schemas\genre.schema.js
FNF:0
FNH:0
DA:3,6
LF:1
LH:1
BRF:0
BRH:0
end_of_record
TN:
SF:E:\hapi\assignment\music-app\src\database\schemas\song.schema.js
FNF:0
FNH:0
DA:4,6
LF:1
LH:1
BRF:0
BRH:0
end_of_record
TN:
SF:E:\hapi\assignment\music-app\src\database\schemas\user.schema.js
FNF:0
FNH:0
DA:4,6
LF:1
LH:1
BRF:0
BRH:0
end_of_record
TN:
SF:E:\hapi\assignment\music-app\src\models\artist.model.js
FN:2,(anonymous_0)
FNF:1
FNH:1
FNDA:6,(anonymous_0)
DA:3,6
DA:4,6
DA:5,6
DA:6,6
LF:4
LH:4
BRF:0
BRH:0
end_of_record
TN:
SF:E:\hapi\assignment\music-app\src\models\genre.model.js
FN:2,(anonymous_0)
FNF:1
FNH:1
FNDA:19,(anonymous_0)
DA:3,19
DA:4,19
LF:2
LH:2
BRF:0
BRH:0
end_of_record
TN:
SF:E:\hapi\assignment\music-app\src\models\song.model.js
FN:2,(anonymous_0)
FNF:1
FNH:1
FNDA:6,(anonymous_0)
DA:3,6
DA:4,6
DA:5,6
LF:3
LH:3
BRF:0
BRH:0
end_of_record
TN:
SF:E:\hapi\assignment\music-app\src\models\user.model.js
FN:2,(anonymous_0)
FNF:1
FNH:1
FNDA:12,(anonymous_0)
DA:3,12
DA:4,12
DA:5,12
LF:3
LH:3
BRF:0
BRH:0
end_of_record
TN:
SF:E:\hapi\assignment\music-app\src\routes\artist.route.js
FN:13,(anonymous_0)
FN:22,(anonymous_1)
FN:35,(anonymous_2)
FN:50,(anonymous_3)
FN:65,(anonymous_4)
FNF:5
FNH:0
FNDA:0,(anonymous_0)
FNDA:0,(anonymous_1)
FNDA:0,(anonymous_2)
FNDA:0,(anonymous_3)
FNDA:0,(anonymous_4)
DA:6,6
DA:8,6
DA:14,0
DA:23,0
DA:24,0
DA:26,0
DA:36,0
DA:37,0
DA:38,0
DA:39,0
DA:41,0
DA:51,0
DA:52,0
DA:53,0
DA:54,0
DA:56,0
DA:66,0
DA:67,0
DA:68,0
DA:70,0
LF:20
LH:2
BRF:0
BRH:0
end_of_record
TN:
SF:E:\hapi\assignment\music-app\src\routes\genre.route.js
FN:13,(anonymous_0)
FN:22,(anonymous_1)
FN:35,(anonymous_2)
FN:46,(anonymous_3)
FN:61,(anonymous_4)
FNF:5
FNH:5
FNDA:2,(anonymous_0)
FNDA:3,(anonymous_1)
FNDA:3,(anonymous_2)
FNDA:2,(anonymous_3)
FNDA:2,(anonymous_4)
DA:6,6
DA:8,6
DA:14,2
DA:23,3
DA:24,3
DA:26,3
DA:36,3
DA:37,3
DA:38,3
DA:47,2
DA:48,2
DA:49,2
DA:50,0
DA:52,2
DA:62,2
DA:63,2
DA:64,1
DA:66,1
LF:18
LH:17
BRF:0
BRH:0
end_of_record
TN:
SF:E:\hapi\assignment\music-app\src\routes\index.js
FNF:0
FNH:0
DA:5,6
LF:1
LH:1
BRF:0
BRH:0
end_of_record
TN:
SF:E:\hapi\assignment\music-app\src\routes\user.route.js
FN:13,(anonymous_0)
FN:21,(anonymous_1)
FN:34,(anonymous_2)
FN:56,(anonymous_3)
FNF:4
FNH:0
FNDA:0,(anonymous_0)
FNDA:0,(anonymous_1)
FNDA:0,(anonymous_2)
FNDA:0,(anonymous_3)
DA:5,6
DA:7,6
DA:14,0
DA:22,0
DA:23,0
DA:25,0
DA:35,0
DA:36,0
DA:37,0
DA:38,0
DA:39,0
DA:41,0
DA:57,0
DA:58,0
DA:59,0
DA:61,0
LF:16
LH:2
BRF:0
BRH:0
end_of_record
TN:
SF:E:\hapi\assignment\music-app\src\services\artist.service.js
FN:7,(anonymous_0)
FN:11,(anonymous_1)
FN:21,(anonymous_2)
FN:27,(anonymous_3)
FN:31,(anonymous_4)
FN:37,(anonymous_5)
FNF:6
FNH:2
FNDA:27,(anonymous_0)
FNDA:9,(anonymous_1)
FNDA:0,(anonymous_2)
FNDA:0,(anonymous_3)
FNDA:0,(anonymous_4)
FNDA:0,(anonymous_5)
DA:5,6
DA:8,27
DA:12,9
DA:13,9
DA:14,5
DA:16,4
DA:18,5
DA:22,0
DA:23,0
DA:24,0
DA:28,0
DA:32,0
DA:33,0
DA:34,0
DA:38,0
DA:39,0
LF:16
LH:7
BRDA:23,0,0,0
BRDA:23,0,1,0
BRF:2
BRH:0
end_of_record
TN:
SF:E:\hapi\assignment\music-app\src\services\genre.service.js
FN:5,(anonymous_0)
FN:9,(anonymous_1)
FN:13,(anonymous_2)
FN:17,(anonymous_3)
FN:25,(anonymous_4)
FN:31,(anonymous_5)
FNF:6
FNH:6
FNDA:122,(anonymous_0)
FNDA:27,(anonymous_1)
FNDA:4,(anonymous_2)
FNDA:22,(anonymous_3)
FNDA:4,(anonymous_4)
FNDA:4,(anonymous_5)
DA:6,122
DA:10,27
DA:14,4
DA:18,22
DA:19,22
DA:20,13
DA:22,9
DA:26,4
DA:27,1
DA:28,1
DA:32,4
DA:33,2
LF:12
LH:12
BRDA:19,0,0,13
BRDA:19,0,1,9
BRF:2
BRH:2
end_of_record
TN:
SF:E:\hapi\assignment\music-app\src\services\index.js
FNF:0
FNH:0
LF:0
LH:0
BRF:0
BRH:0
end_of_record
TN:
SF:E:\hapi\assignment\music-app\src\services\song.service.js
FN:8,(anonymous_0)
FN:12,(anonymous_1)
FN:19,(anonymous_2)
FN:23,(anonymous_3)
FN:29,(anonymous_4)
FN:34,(anonymous_5)
FNF:6
FNH:0
FNDA:0,(anonymous_0)
FNDA:0,(anonymous_1)
FNDA:0,(anonymous_2)
FNDA:0,(anonymous_3)
FNDA:0,(anonymous_4)
FNDA:0,(anonymous_5)
DA:5,6
DA:9,0
DA:13,0
DA:14,0
DA:15,0
DA:16,0
DA:20,0
DA:24,0
DA:25,0
DA:26,0
DA:30,0
DA:31,0
DA:35,0
DA:36,0
DA:37,0
LF:15
LH:1
BRDA:14,0,0,0
BRDA:14,0,1,0
BRDA:25,1,0,0
BRDA:25,1,1,0
BRF:4
BRH:0
end_of_record
TN:
SF:E:\hapi\assignment\music-app\src\services\user.sevice.js
FN:6,(anonymous_0)
FN:10,(anonymous_1)
FN:14,(anonymous_2)
FN:19,(anonymous_3)
FN:27,(anonymous_4)
FN:33,(anonymous_5)
FN:38,(anonymous_6)
FN:42,(anonymous_7)
FNF:8
FNH:8
FNDA:68,(anonymous_0)
FNDA:1,(anonymous_1)
FNDA:14,(anonymous_2)
FNDA:6,(anonymous_3)
FNDA:2,(anonymous_4)
FNDA:2,(anonymous_5)
FNDA:1,(anonymous_6)
FNDA:2,(anonymous_7)
DA:7,68
DA:11,1
DA:15,14
DA:16,14
DA:20,6
DA:21,6
DA:22,3
DA:24,3
DA:28,2
DA:29,1
DA:30,1
DA:34,2
DA:35,1
DA:39,1
DA:43,2
LF:15
LH:15
BRDA:21,0,0,3
BRDA:21,0,1,3
BRF:2
BRH:2
end_of_record
