TN:
SF:E:\hapi\assignment\music-app\src\api.js
FN:8,(anonymous_0)
FN:13,(anonymous_1)
FN:27,(anonymous_2)
FNF:3
FNH:1
FNDA:0,(anonymous_0)
FNDA:2,(anonymous_1)
FNDA:0,(anonymous_2)
DA:8,2
DA:9,0
DA:10,0
DA:14,2
DA:15,2
DA:16,1
DA:23,1
DA:24,1
DA:28,0
DA:31,1
DA:32,1
DA:33,1
DA:34,1
DA:36,0
DA:39,1
LF:15
LH:11
BRDA:31,0,0,1
BRDA:31,0,1,0
BRF:2
BRH:1
end_of_record
TN:
SF:E:\hapi\assignment\music-app\src\config.js
FN:4,configure
FNF:1
FNH:1
FNDA:2,configure
DA:5,2
DA:6,2
DA:8,0
DA:10,2
DA:11,0
DA:12,0
DA:14,2
LF:7
LH:4
BRDA:5,0,0,2
BRDA:5,0,1,0
BRDA:10,1,0,0
BRDA:10,1,1,2
BRF:4
BRH:2
end_of_record
TN:
SF:E:\hapi\assignment\music-app\src\database\connection.js
FN:4,createDBConnection
FNF:1
FNH:1
FNDA:2,createDBConnection
DA:5,2
DA:16,1
LF:2
LH:2
BRF:0
BRH:0
end_of_record
TN:
SF:E:\hapi\assignment\music-app\src\database\entities.js
FNF:0
FNH:0
LF:0
LH:0
BRF:0
BRH:0
end_of_record
TN:
SF:E:\hapi\assignment\music-app\src\database\schemas\artist.schema.js
FNF:0
FNH:0
DA:4,2
LF:1
LH:1
BRF:0
BRH:0
end_of_record
TN:
SF:E:\hapi\assignment\music-app\src\database\schemas\genre.schema.js
FNF:0
FNH:0
DA:3,2
LF:1
LH:1
BRF:0
BRH:0
end_of_record
TN:
SF:E:\hapi\assignment\music-app\src\database\schemas\song.schema.js
FNF:0
FNH:0
DA:4,2
LF:1
LH:1
BRF:0
BRH:0
end_of_record
TN:
SF:E:\hapi\assignment\music-app\src\database\schemas\user.schema.js
FNF:0
FNH:0
DA:4,2
LF:1
LH:1
BRF:0
BRH:0
end_of_record
TN:
SF:E:\hapi\assignment\music-app\src\models\artist.model.js
FN:2,(anonymous_0)
FNF:1
FNH:1
FNDA:2,(anonymous_0)
DA:3,2
DA:4,2
DA:5,2
DA:6,2
LF:4
LH:4
BRF:0
BRH:0
end_of_record
TN:
SF:E:\hapi\assignment\music-app\src\models\genre.model.js
FN:2,(anonymous_0)
FNF:1
FNH:1
FNDA:2,(anonymous_0)
DA:3,2
DA:4,2
LF:2
LH:2
BRF:0
BRH:0
end_of_record
TN:
SF:E:\hapi\assignment\music-app\src\models\song.model.js
FN:2,(anonymous_0)
FNF:1
FNH:1
FNDA:2,(anonymous_0)
DA:3,2
DA:4,2
DA:5,2
LF:3
LH:3
BRF:0
BRH:0
end_of_record
TN:
SF:E:\hapi\assignment\music-app\src\models\user.model.js
FN:2,(anonymous_0)
FNF:1
FNH:1
FNDA:9,(anonymous_0)
DA:3,9
DA:4,9
DA:5,9
LF:3
LH:3
BRF:0
BRH:0
end_of_record
TN:
SF:E:\hapi\assignment\music-app\src\routes\index.js
FNF:0
FNH:0
DA:3,2
LF:1
LH:1
BRF:0
BRH:0
end_of_record
TN:
SF:E:\hapi\assignment\music-app\src\routes\user.route.js
FN:13,(anonymous_0)
FN:21,(anonymous_1)
FN:34,(anonymous_2)
FN:56,(anonymous_3)
FNF:4
FNH:0
FNDA:0,(anonymous_0)
FNDA:0,(anonymous_1)
FNDA:0,(anonymous_2)
FNDA:0,(anonymous_3)
DA:5,2
DA:7,2
DA:14,0
DA:22,0
DA:23,0
DA:25,0
DA:35,0
DA:36,0
DA:37,0
DA:38,0
DA:39,0
DA:41,0
DA:57,0
DA:58,0
DA:59,0
DA:61,0
LF:16
LH:2
BRF:0
BRH:0
end_of_record
TN:
SF:E:\hapi\assignment\music-app\src\services\index.js
FNF:0
FNH:0
LF:0
LH:0
BRF:0
BRH:0
end_of_record
TN:
SF:E:\hapi\assignment\music-app\src\services\user.sevice.js
FN:6,(anonymous_0)
FN:10,(anonymous_1)
FN:14,(anonymous_2)
FN:19,(anonymous_3)
FN:27,(anonymous_4)
FN:33,(anonymous_5)
FN:38,(anonymous_6)
FN:42,(anonymous_7)
FNF:8
FNH:8
FNDA:67,(anonymous_0)
FNDA:1,(anonymous_1)
FNDA:13,(anonymous_2)
FNDA:6,(anonymous_3)
FNDA:2,(anonymous_4)
FNDA:2,(anonymous_5)
FNDA:1,(anonymous_6)
FNDA:2,(anonymous_7)
DA:7,67
DA:11,1
DA:15,13
DA:16,13
DA:20,6
DA:21,6
DA:22,3
DA:24,3
DA:28,2
DA:29,1
DA:30,1
DA:34,2
DA:35,1
DA:39,1
DA:43,2
LF:15
LH:15
BRDA:21,0,0,3
BRDA:21,0,1,3
BRF:2
BRH:2
end_of_record
